2025-01-03 21:41:30.955 [info] [main] Log level: Info
2025-01-03 21:41:30.955 [info] [main] Validating found git in: "git"
2025-01-03 21:41:30.955 [info] [main] Using git "2.47.1" from "git"
2025-01-03 21:41:30.955 [info] [Model][doInitialScan] Initial repository scan started
2025-01-03 21:41:30.955 [info] > git rev-parse --show-toplevel [64ms]
2025-01-03 21:41:30.955 [info] > git rev-parse --git-dir --git-common-dir [15ms]
2025-01-03 21:41:30.955 [info] [Model][openRepository] Opened repository: /home/alberto/Desktop/Projects/deli
2025-01-03 21:41:30.958 [info] > git rev-parse --show-toplevel [10ms]
2025-01-03 21:41:30.960 [info] > git config --get commit.template [24ms]
2025-01-03 21:41:30.994 [info] > git rev-parse --show-toplevel [21ms]
2025-01-03 21:41:30.995 [info] [Model][doInitialScan] Initial repository scan completed - repositories (1), closed repositories (0), parent repositories (0), unsafe repositories (0)
2025-01-03 21:41:30.996 [info] > git for-each-ref --format=%(refname)%00%(upstream:short)%00%(objectname)%00%(upstream:track)%00%(upstream:remotename)%00%(upstream:remoteref) refs/heads/main refs/remotes/main [6ms]
2025-01-03 21:41:31.014 [warning] [Git][revParse] Unable to read file: ENOENT: no such file or directory, open '/home/alberto/Desktop/Projects/deli/.git/refs/remotes/origin/main'
2025-01-03 21:41:31.016 [info] > git rev-parse refs/remotes/origin/main [2ms]
2025-01-03 21:41:31.053 [info] > git for-each-ref --sort -committerdate --format %(refname) %(objectname) %(*objectname) [8ms]
2025-01-03 21:41:31.173 [info] > git status -z -uall [142ms]
2025-01-03 21:41:31.242 [info] > git for-each-ref --format=%(refname)%00%(upstream:short)%00%(objectname)%00%(upstream:track)%00%(upstream:remotename)%00%(upstream:remoteref) refs/heads/main refs/remotes/main [43ms]
2025-01-03 21:41:31.280 [info] > git config --local branch.main.vscode-merge-base [20ms]
2025-01-03 21:41:31.298 [info] > git config --get commit.template [67ms]
2025-01-03 21:41:31.377 [info] > git for-each-ref --format=%(refname)%00%(upstream:short)%00%(objectname)%00%(upstream:track)%00%(upstream:remotename)%00%(upstream:remoteref) refs/heads/origin/main refs/remotes/origin/main [80ms]
2025-01-03 21:41:31.437 [info] > git show --textconv :package.json [31ms]
2025-01-03 21:41:31.438 [info] > git ls-files --stage -- /home/alberto/Desktop/Projects/deli/package.json [19ms]
2025-01-03 21:41:31.450 [info] > git merge-base refs/heads/main refs/remotes/origin/main [62ms]
2025-01-03 21:41:31.498 [info] > git cat-file -s 59b226a9d8fb95c809a5f72b1b39501fd2c36037 [50ms]
2025-01-03 21:41:31.499 [info] > git for-each-ref --format=%(refname)%00%(upstream:short)%00%(objectname)%00%(upstream:track)%00%(upstream:remotename)%00%(upstream:remoteref) refs/heads/main refs/remotes/main [64ms]
2025-01-03 21:41:31.551 [warning] [Git][revParse] Unable to read file: ENOENT: no such file or directory, open '/home/alberto/Desktop/Projects/deli/.git/refs/remotes/origin/main'
2025-01-03 21:41:31.553 [info] > git diff --name-status -z --diff-filter=ADMR 5f88bb87e279f24b5adbfc4b659383586421ea5b...refs/remotes/origin/main [90ms]
2025-01-03 21:41:31.557 [info] > git check-ignore -v -z --stdin [46ms]
2025-01-03 21:41:31.559 [info] > git rev-parse refs/remotes/origin/main [8ms]
2025-01-03 21:41:31.688 [info] > git status -z -uall [117ms]
2025-01-03 21:41:31.688 [info] > git for-each-ref --sort -committerdate --format %(refname) %(objectname) %(*objectname) [103ms]
2025-01-03 21:42:05.328 [info] > git config --get commit.template [19ms]
2025-01-03 21:42:05.329 [info] > git for-each-ref --format=%(refname)%00%(upstream:short)%00%(objectname)%00%(upstream:track)%00%(upstream:remotename)%00%(upstream:remoteref) refs/heads/main refs/remotes/main [3ms]
2025-01-03 21:42:05.342 [warning] [Git][revParse] Unable to read file: ENOENT: no such file or directory, open '/home/alberto/Desktop/Projects/deli/.git/refs/remotes/origin/main'
2025-01-03 21:42:05.345 [info] > git rev-parse refs/remotes/origin/main [3ms]
2025-01-03 21:42:05.388 [info] > git for-each-ref --sort -committerdate --format %(refname) %(objectname) %(*objectname) [2ms]
2025-01-03 21:42:05.444 [info] > git status -z -uall [83ms]
2025-01-03 21:43:00.479 [info] > git config --get commit.template [10ms]
2025-01-03 21:43:00.499 [info] > git for-each-ref --format=%(refname)%00%(upstream:short)%00%(objectname)%00%(upstream:track)%00%(upstream:remotename)%00%(upstream:remoteref) refs/heads/main refs/remotes/main [2ms]
2025-01-03 21:43:00.513 [warning] [Git][revParse] Unable to read file: ENOENT: no such file or directory, open '/home/alberto/Desktop/Projects/deli/.git/refs/remotes/origin/main'
2025-01-03 21:43:00.515 [info] > git rev-parse refs/remotes/origin/main [1ms]
2025-01-03 21:43:00.541 [info] > git for-each-ref --sort -committerdate --format %(refname) %(objectname) %(*objectname) [2ms]
2025-01-03 21:43:00.590 [info] > git status -z -uall [63ms]
2025-01-03 21:43:17.671 [info] > git config --get commit.template [19ms]
2025-01-03 21:43:17.673 [info] > git for-each-ref --format=%(refname)%00%(upstream:short)%00%(objectname)%00%(upstream:track)%00%(upstream:remotename)%00%(upstream:remoteref) refs/heads/main refs/remotes/main [3ms]
2025-01-03 21:43:17.689 [warning] [Git][revParse] Unable to read file: ENOENT: no such file or directory, open '/home/alberto/Desktop/Projects/deli/.git/refs/remotes/origin/main'
2025-01-03 21:43:17.692 [info] > git rev-parse refs/remotes/origin/main [2ms]
2025-01-03 21:43:17.722 [info] > git status -z -uall [15ms]
2025-01-03 21:43:17.724 [info] > git for-each-ref --sort -committerdate --format %(refname) %(objectname) %(*objectname) [3ms]
2025-01-03 21:43:17.751 [info] > git ls-files --stage -- /home/alberto/Desktop/Projects/deli/package.json [2ms]
2025-01-03 21:43:17.763 [info] > git cat-file -s 8730634b1e40a68c29cda0de260dd85bf4cce21d [1ms]
2025-01-03 21:43:17.777 [info] > git show --textconv :package.json [2ms]
2025-01-03 21:43:24.435 [info] > git config --get commit.template [16ms]
2025-01-03 21:43:24.437 [info] > git for-each-ref --format=%(refname)%00%(upstream:short)%00%(objectname)%00%(upstream:track)%00%(upstream:remotename)%00%(upstream:remoteref) refs/heads/main refs/remotes/main [2ms]
2025-01-03 21:43:24.451 [warning] [Git][revParse] Unable to read file: ENOENT: no such file or directory, open '/home/alberto/Desktop/Projects/deli/.git/refs/remotes/origin/main'
2025-01-03 21:43:24.453 [info] > git rev-parse refs/remotes/origin/main [2ms]
2025-01-03 21:43:24.485 [info] > git status -z -uall [17ms]
2025-01-03 21:43:24.486 [info] > git for-each-ref --sort -committerdate --format %(refname) %(objectname) %(*objectname) [3ms]
2025-01-03 21:43:24.509 [info] > git merge-base refs/heads/main refs/remotes/origin/main [2ms]
2025-01-03 21:43:24.524 [info] > git diff --name-status -z --diff-filter=ADMR 5f88bb87e279f24b5adbfc4b659383586421ea5b...refs/remotes/origin/main [2ms]
2025-01-03 21:43:24.586 [info] > git ls-files --stage -- /home/alberto/Desktop/Projects/deli/package.json [2ms]
2025-01-03 21:43:24.606 [info] > git cat-file -s 8730634b1e40a68c29cda0de260dd85bf4cce21d [4ms]
2025-01-03 21:43:24.631 [info] > git show --textconv :package.json [3ms]
2025-01-03 21:43:32.883 [info] > git config --get commit.template [18ms]
2025-01-03 21:43:32.886 [info] > git for-each-ref --format=%(refname)%00%(upstream:short)%00%(objectname)%00%(upstream:track)%00%(upstream:remotename)%00%(upstream:remoteref) refs/heads/main refs/remotes/main [4ms]
2025-01-03 21:43:32.919 [info] > git status -z -uall [16ms]
2025-01-03 21:43:32.921 [info] > git for-each-ref --sort -committerdate --format %(refname) %(objectname) %(*objectname) [3ms]
2025-01-03 21:43:32.948 [info] > git merge-base refs/heads/main refs/remotes/origin/main [4ms]
2025-01-03 21:43:32.985 [info] > git diff --name-status -z --diff-filter=ADMR 0338391fc92d15d4ac09d6c7a9232df8580cb4ae...refs/remotes/origin/main [21ms]
2025-01-03 21:43:32.987 [info] > git ls-files --stage -- /home/alberto/Desktop/Projects/deli/package.json [3ms]
2025-01-03 21:43:33.006 [info] > git cat-file -s 8730634b1e40a68c29cda0de260dd85bf4cce21d [3ms]
2025-01-03 21:43:33.026 [info] > git show --textconv :package.json [4ms]
2025-01-03 21:44:54.645 [info] > git check-ignore -v -z --stdin [1ms]
2025-01-03 21:45:02.106 [info] > git config --get commit.template [16ms]
2025-01-03 21:45:02.108 [info] > git for-each-ref --format=%(refname)%00%(upstream:short)%00%(objectname)%00%(upstream:track)%00%(upstream:remotename)%00%(upstream:remoteref) refs/heads/main refs/remotes/main [3ms]
2025-01-03 21:45:02.134 [info] > git status -z -uall [10ms]
2025-01-03 21:45:02.135 [info] > git for-each-ref --sort -committerdate --format %(refname) %(objectname) %(*objectname) [2ms]
2025-01-03 21:45:16.227 [info] > git config --get commit.template [16ms]
2025-01-03 21:45:16.228 [info] > git for-each-ref --format=%(refname)%00%(upstream:short)%00%(objectname)%00%(upstream:track)%00%(upstream:remotename)%00%(upstream:remoteref) refs/heads/main refs/remotes/main [2ms]
2025-01-03 21:45:16.258 [info] > git status -z -uall [13ms]
2025-01-03 21:45:16.260 [info] > git for-each-ref --sort -committerdate --format %(refname) %(objectname) %(*objectname) [3ms]
2025-01-03 21:45:21.299 [info] > git config --get commit.template [16ms]
2025-01-03 21:45:21.301 [info] > git for-each-ref --format=%(refname)%00%(upstream:short)%00%(objectname)%00%(upstream:track)%00%(upstream:remotename)%00%(upstream:remoteref) refs/heads/main refs/remotes/main [3ms]
2025-01-03 21:45:21.342 [info] > git status -z -uall [22ms]
2025-01-03 21:45:21.345 [info] > git for-each-ref --sort -committerdate --format %(refname) %(objectname) %(*objectname) [6ms]
2025-01-03 21:45:32.534 [info] > git config --get commit.template [18ms]
2025-01-03 21:45:32.537 [info] > git for-each-ref --format=%(refname)%00%(upstream:short)%00%(objectname)%00%(upstream:track)%00%(upstream:remotename)%00%(upstream:remoteref) refs/heads/main refs/remotes/main [3ms]
2025-01-03 21:45:32.571 [info] > git status -z -uall [18ms]
2025-01-03 21:45:32.573 [info] > git for-each-ref --sort -committerdate --format %(refname) %(objectname) %(*objectname) [3ms]
2025-01-03 21:47:31.015 [info] > git config --get commit.template [15ms]
2025-01-03 21:47:31.017 [info] > git for-each-ref --format=%(refname)%00%(upstream:short)%00%(objectname)%00%(upstream:track)%00%(upstream:remotename)%00%(upstream:remoteref) refs/heads/main refs/remotes/main [4ms]
2025-01-03 21:47:31.046 [info] > git status -z -uall [18ms]
2025-01-03 21:47:31.050 [info] > git for-each-ref --sort -committerdate --format %(refname) %(objectname) %(*objectname) [3ms]
2025-01-03 21:47:32.855 [info] > git show --textconv :package.json [21ms]
2025-01-03 21:47:32.859 [info] > git ls-files --stage -- /home/alberto/Desktop/Projects/deli/package.json [6ms]
2025-01-03 21:47:32.880 [info] > git cat-file -s 8730634b1e40a68c29cda0de260dd85bf4cce21d [3ms]
2025-01-03 22:16:17.336 [info] > git config --get commit.template [2ms]
2025-01-03 22:16:17.359 [info] > git for-each-ref --format=%(refname)%00%(upstream:short)%00%(objectname)%00%(upstream:track)%00%(upstream:remotename)%00%(upstream:remoteref) refs/heads/main refs/remotes/main [3ms]
2025-01-03 22:16:17.389 [info] > git status -z -uall [14ms]
2025-01-03 22:16:17.390 [info] > git for-each-ref --sort -committerdate --format %(refname) %(objectname) %(*objectname) [3ms]
2025-01-03 22:16:39.755 [info] > git config --get commit.template [3ms]
2025-01-03 22:16:39.777 [info] > git for-each-ref --format=%(refname)%00%(upstream:short)%00%(objectname)%00%(upstream:track)%00%(upstream:remotename)%00%(upstream:remoteref) refs/heads/main refs/remotes/main [3ms]
2025-01-03 22:16:39.814 [info] > git status -z -uall [17ms]
2025-01-03 22:16:39.817 [info] > git for-each-ref --sort -committerdate --format %(refname) %(objectname) %(*objectname) [5ms]
2025-01-03 22:17:33.034 [info] > git config --get commit.template [20ms]
2025-01-03 22:17:33.036 [info] > git for-each-ref --format=%(refname)%00%(upstream:short)%00%(objectname)%00%(upstream:track)%00%(upstream:remotename)%00%(upstream:remoteref) refs/heads/main refs/remotes/main [3ms]
2025-01-03 22:17:33.078 [info] > git status -z -uall [23ms]
2025-01-03 22:17:33.079 [info] > git for-each-ref --sort -committerdate --format %(refname) %(objectname) %(*objectname) [5ms]
2025-01-03 22:17:50.142 [info] > git config --get commit.template [14ms]
2025-01-03 22:17:50.145 [info] > git for-each-ref --format=%(refname)%00%(upstream:short)%00%(objectname)%00%(upstream:track)%00%(upstream:remotename)%00%(upstream:remoteref) refs/heads/main refs/remotes/main [4ms]
2025-01-03 22:17:50.172 [info] > git status -z -uall [16ms]
2025-01-03 22:17:50.175 [info] > git for-each-ref --sort -committerdate --format %(refname) %(objectname) %(*objectname) [4ms]
2025-01-03 22:18:00.427 [info] > git config --get commit.template [18ms]
2025-01-03 22:18:00.429 [info] > git for-each-ref --format=%(refname)%00%(upstream:short)%00%(objectname)%00%(upstream:track)%00%(upstream:remotename)%00%(upstream:remoteref) refs/heads/main refs/remotes/main [3ms]
2025-01-03 22:18:00.468 [info] > git status -z -uall [21ms]
2025-01-03 22:18:00.472 [info] > git for-each-ref --sort -committerdate --format %(refname) %(objectname) %(*objectname) [5ms]
2025-01-03 22:18:00.509 [info] > git ls-files --stage -- /home/alberto/Desktop/Projects/deli/package.json [3ms]
2025-01-03 22:18:00.526 [info] > git cat-file -s 745302aed89c24f45672ea06aff5c7f78b1fea33 [3ms]
2025-01-03 22:18:00.545 [info] > git show --textconv :package.json [4ms]
2025-01-03 22:18:03.068 [info] > git ls-files --stage -- /home/alberto/Desktop/Projects/deli/package.json [4ms]
2025-01-03 22:18:03.087 [info] > git cat-file -s 745302aed89c24f45672ea06aff5c7f78b1fea33 [3ms]
2025-01-03 22:18:03.107 [info] > git show --textconv :package.json [3ms]
2025-01-03 22:18:05.511 [info] > git config --get commit.template [17ms]
2025-01-03 22:18:05.514 [info] > git for-each-ref --format=%(refname)%00%(upstream:short)%00%(objectname)%00%(upstream:track)%00%(upstream:remotename)%00%(upstream:remoteref) refs/heads/main refs/remotes/main [4ms]
2025-01-03 22:18:05.549 [info] > git status -z -uall [18ms]
2025-01-03 22:18:05.551 [info] > git for-each-ref --sort -committerdate --format %(refname) %(objectname) %(*objectname) [3ms]
2025-01-03 22:18:05.571 [info] > git merge-base refs/heads/main refs/remotes/origin/main [2ms]
2025-01-03 22:18:05.594 [info] > git diff --name-status -z --diff-filter=ADMR 0338391fc92d15d4ac09d6c7a9232df8580cb4ae...refs/remotes/origin/main [6ms]
2025-01-03 22:18:10.593 [info] > git config --get commit.template [2ms]
2025-01-03 22:18:10.612 [info] > git for-each-ref --format=%(refname)%00%(upstream:short)%00%(objectname)%00%(upstream:track)%00%(upstream:remotename)%00%(upstream:remoteref) refs/heads/main refs/remotes/main [2ms]
2025-01-03 22:18:10.647 [info] > git status -z -uall [20ms]
2025-01-03 22:18:10.651 [info] > git for-each-ref --sort -committerdate --format %(refname) %(objectname) %(*objectname) [5ms]
2025-01-03 22:18:10.693 [info] > git merge-base refs/heads/main refs/remotes/origin/main [14ms]
2025-01-03 22:18:10.709 [info] > git ls-files --stage -- /home/alberto/Desktop/Projects/deli/package.json [17ms]
2025-01-03 22:18:10.724 [info] > git diff --name-status -z --diff-filter=ADMR 18a1cf5df763efe2ac12a529c0f4d1666228afec...refs/remotes/origin/main [17ms]
2025-01-03 22:18:10.727 [info] > git cat-file -s 745302aed89c24f45672ea06aff5c7f78b1fea33 [4ms]
2025-01-03 22:18:10.746 [info] > git show --textconv :package.json [3ms]
2025-01-03 22:18:23.026 [info] > git config --get commit.template [21ms]
2025-01-03 22:18:23.029 [info] > git for-each-ref --format=%(refname)%00%(upstream:short)%00%(objectname)%00%(upstream:track)%00%(upstream:remotename)%00%(upstream:remoteref) refs/heads/main refs/remotes/main [5ms]
2025-01-03 22:18:23.064 [info] > git status -z -uall [18ms]
2025-01-03 22:18:23.068 [info] > git for-each-ref --sort -committerdate --format %(refname) %(objectname) %(*objectname) [6ms]
2025-01-03 22:18:32.375 [info] > git config --get commit.template [3ms]
2025-01-03 22:18:32.393 [info] > git for-each-ref --format=%(refname)%00%(upstream:short)%00%(objectname)%00%(upstream:track)%00%(upstream:remotename)%00%(upstream:remoteref) refs/heads/main refs/remotes/main [2ms]
2025-01-03 22:18:32.428 [info] > git status -z -uall [18ms]
2025-01-03 22:18:32.430 [info] > git for-each-ref --sort -committerdate --format %(refname) %(objectname) %(*objectname) [3ms]
2025-01-03 22:18:45.921 [info] > git config --get commit.template [15ms]
2025-01-03 22:18:45.923 [info] > git for-each-ref --format=%(refname)%00%(upstream:short)%00%(objectname)%00%(upstream:track)%00%(upstream:remotename)%00%(upstream:remoteref) refs/heads/main refs/remotes/main [3ms]
2025-01-03 22:18:45.951 [info] > git status -z -uall [14ms]
2025-01-03 22:18:45.953 [info] > git for-each-ref --sort -committerdate --format %(refname) %(objectname) %(*objectname) [3ms]
2025-01-03 22:22:47.807 [info] > git config --get commit.template [17ms]
2025-01-03 22:22:47.809 [info] > git for-each-ref --format=%(refname)%00%(upstream:short)%00%(objectname)%00%(upstream:track)%00%(upstream:remotename)%00%(upstream:remoteref) refs/heads/main refs/remotes/main [3ms]
2025-01-03 22:22:47.839 [info] > git status -z -uall [15ms]
2025-01-03 22:22:47.843 [info] > git for-each-ref --sort -committerdate --format %(refname) %(objectname) %(*objectname) [5ms]
2025-01-03 22:22:57.090 [info] > git config --get commit.template [16ms]
2025-01-03 22:22:57.091 [info] > git for-each-ref --format=%(refname)%00%(upstream:short)%00%(objectname)%00%(upstream:track)%00%(upstream:remotename)%00%(upstream:remoteref) refs/heads/main refs/remotes/main [2ms]
2025-01-03 22:22:57.120 [info] > git status -z -uall [13ms]
2025-01-03 22:22:57.121 [info] > git for-each-ref --sort -committerdate --format %(refname) %(objectname) %(*objectname) [2ms]
2025-01-03 22:23:10.771 [info] > git config --get commit.template [2ms]
2025-01-03 22:23:10.788 [info] > git for-each-ref --format=%(refname)%00%(upstream:short)%00%(objectname)%00%(upstream:track)%00%(upstream:remotename)%00%(upstream:remoteref) refs/heads/main refs/remotes/main [2ms]
2025-01-03 22:23:10.821 [info] > git status -z -uall [16ms]
2025-01-03 22:23:10.823 [info] > git for-each-ref --sort -committerdate --format %(refname) %(objectname) %(*objectname) [3ms]
2025-01-03 22:23:19.192 [info] > git config --get commit.template [18ms]
2025-01-03 22:23:19.194 [info] > git for-each-ref --format=%(refname)%00%(upstream:short)%00%(objectname)%00%(upstream:track)%00%(upstream:remotename)%00%(upstream:remoteref) refs/heads/main refs/remotes/main [4ms]
2025-01-03 22:23:19.237 [info] > git status -z -uall [25ms]
2025-01-03 22:23:19.239 [info] > git for-each-ref --sort -committerdate --format %(refname) %(objectname) %(*objectname) [5ms]
2025-01-03 22:23:28.426 [info] > git config --get commit.template [2ms]
2025-01-03 22:23:28.445 [info] > git for-each-ref --format=%(refname)%00%(upstream:short)%00%(objectname)%00%(upstream:track)%00%(upstream:remotename)%00%(upstream:remoteref) refs/heads/main refs/remotes/main [6ms]
2025-01-03 22:23:28.472 [info] > git status -z -uall [11ms]
2025-01-03 22:23:28.474 [info] > git for-each-ref --sort -committerdate --format %(refname) %(objectname) %(*objectname) [3ms]
2025-01-03 22:23:42.404 [info] > git config --get commit.template [18ms]
2025-01-03 22:23:42.407 [info] > git for-each-ref --format=%(refname)%00%(upstream:short)%00%(objectname)%00%(upstream:track)%00%(upstream:remotename)%00%(upstream:remoteref) refs/heads/main refs/remotes/main [3ms]
2025-01-03 22:23:42.442 [info] > git status -z -uall [18ms]
2025-01-03 22:23:42.445 [info] > git for-each-ref --sort -committerdate --format %(refname) %(objectname) %(*objectname) [4ms]
2025-01-03 22:25:00.382 [info] > git check-ignore -v -z --stdin [2ms]
2025-01-03 22:25:01.260 [info] > git show --textconv :public/index.html [16ms]
2025-01-03 22:25:01.263 [info] > git ls-files --stage -- /home/alberto/Desktop/Projects/deli/public/index.html [3ms]
2025-01-03 22:25:01.279 [info] > git cat-file -s ecea7124d6d81e5cbe703217e33636bbe87978c2 [1ms]
2025-01-03 22:25:07.557 [info] > git check-ignore -v -z --stdin [3ms]
2025-01-03 22:25:23.621 [info] > git check-ignore -v -z --stdin [4ms]
2025-01-03 22:25:24.175 [info] > git config --get commit.template [16ms]
2025-01-03 22:25:24.177 [info] > git for-each-ref --format=%(refname)%00%(upstream:short)%00%(objectname)%00%(upstream:track)%00%(upstream:remotename)%00%(upstream:remoteref) refs/heads/main refs/remotes/main [4ms]
2025-01-03 22:25:24.209 [info] > git status -z -uall [14ms]
2025-01-03 22:25:24.212 [info] > git for-each-ref --sort -committerdate --format %(refname) %(objectname) %(*objectname) [4ms]
2025-01-03 22:25:24.677 [info] > git show --textconv :public/index.html [20ms]
2025-01-03 22:25:24.680 [info] > git ls-files --stage -- /home/alberto/Desktop/Projects/deli/public/index.html [3ms]
2025-01-03 22:25:24.698 [info] > git cat-file -s ecea7124d6d81e5cbe703217e33636bbe87978c2 [2ms]
2025-01-03 22:25:37.983 [info] > git config --get commit.template [15ms]
2025-01-03 22:25:37.987 [info] > git for-each-ref --format=%(refname)%00%(upstream:short)%00%(objectname)%00%(upstream:track)%00%(upstream:remotename)%00%(upstream:remoteref) refs/heads/main refs/remotes/main [4ms]
2025-01-03 22:25:38.016 [info] > git status -z -uall [15ms]
2025-01-03 22:25:38.019 [info] > git for-each-ref --sort -committerdate --format %(refname) %(objectname) %(*objectname) [4ms]
2025-01-03 22:25:38.989 [info] > git show --textconv :package.json [16ms]
2025-01-03 22:25:38.992 [info] > git ls-files --stage -- /home/alberto/Desktop/Projects/deli/package.json [3ms]
2025-01-03 22:25:39.008 [info] > git cat-file -s 745302aed89c24f45672ea06aff5c7f78b1fea33 [3ms]
2025-01-03 22:25:43.869 [info] > git config --get commit.template [19ms]
2025-01-03 22:25:43.871 [info] > git for-each-ref --format=%(refname)%00%(upstream:short)%00%(objectname)%00%(upstream:track)%00%(upstream:remotename)%00%(upstream:remoteref) refs/heads/main refs/remotes/main [3ms]
2025-01-03 22:25:43.901 [info] > git status -z -uall [14ms]
2025-01-03 22:25:43.904 [info] > git for-each-ref --sort -committerdate --format %(refname) %(objectname) %(*objectname) [3ms]
2025-01-03 22:25:53.552 [info] > git config --get commit.template [19ms]
2025-01-03 22:25:53.555 [info] > git for-each-ref --format=%(refname)%00%(upstream:short)%00%(objectname)%00%(upstream:track)%00%(upstream:remotename)%00%(upstream:remoteref) refs/heads/main refs/remotes/main [4ms]
2025-01-03 22:25:53.583 [info] > git status -z -uall [14ms]
2025-01-03 22:25:53.584 [info] > git for-each-ref --sort -committerdate --format %(refname) %(objectname) %(*objectname) [2ms]
2025-01-03 22:25:53.632 [info] > git ls-files --stage -- /home/alberto/Desktop/Projects/deli/package.json [2ms]
2025-01-03 22:25:53.647 [info] > git cat-file -s 745302aed89c24f45672ea06aff5c7f78b1fea33 [2ms]
2025-01-03 22:25:53.672 [info] > git show --textconv :package.json [3ms]
2025-01-03 22:26:01.277 [info] > git config --get commit.template [18ms]
2025-01-03 22:26:01.279 [info] > git for-each-ref --format=%(refname)%00%(upstream:short)%00%(objectname)%00%(upstream:track)%00%(upstream:remotename)%00%(upstream:remoteref) refs/heads/main refs/remotes/main [3ms]
2025-01-03 22:26:01.321 [info] > git status -z -uall [23ms]
2025-01-03 22:26:01.323 [info] > git for-each-ref --sort -committerdate --format %(refname) %(objectname) %(*objectname) [5ms]
2025-01-03 22:26:21.014 [info] > git config --get commit.template [16ms]
2025-01-03 22:26:21.017 [info] > git for-each-ref --format=%(refname)%00%(upstream:short)%00%(objectname)%00%(upstream:track)%00%(upstream:remotename)%00%(upstream:remoteref) refs/heads/main refs/remotes/main [4ms]
2025-01-03 22:26:21.045 [info] > git status -z -uall [15ms]
2025-01-03 22:26:21.049 [info] > git for-each-ref --sort -committerdate --format %(refname) %(objectname) %(*objectname) [5ms]
2025-01-03 22:26:21.077 [info] > git merge-base refs/heads/main refs/remotes/origin/main [6ms]
2025-01-03 22:26:21.100 [info] > git diff --name-status -z --diff-filter=ADMR 18a1cf5df763efe2ac12a529c0f4d1666228afec...refs/remotes/origin/main [6ms]
2025-01-03 22:26:21.116 [info] > git ls-files --stage -- /home/alberto/Desktop/Projects/deli/package.json [2ms]
2025-01-03 22:26:21.131 [info] > git cat-file -s 745302aed89c24f45672ea06aff5c7f78b1fea33 [2ms]
2025-01-03 22:26:21.148 [info] > git show --textconv :package.json [2ms]
2025-01-03 22:26:29.148 [info] > git config --get commit.template [20ms]
2025-01-03 22:26:29.151 [info] > git for-each-ref --format=%(refname)%00%(upstream:short)%00%(objectname)%00%(upstream:track)%00%(upstream:remotename)%00%(upstream:remoteref) refs/heads/main refs/remotes/main [4ms]
2025-01-03 22:26:29.178 [info] > git status -z -uall [17ms]
2025-01-03 22:26:29.181 [info] > git for-each-ref --sort -committerdate --format %(refname) %(objectname) %(*objectname) [4ms]
2025-01-03 22:26:29.201 [info] > git merge-base refs/heads/main refs/remotes/origin/main [2ms]
2025-01-03 22:26:29.224 [info] > git diff --name-status -z --diff-filter=ADMR 428ed0e8a1bd98620e04418af7f8b1ca297114b5...refs/remotes/origin/main [12ms]
2025-01-03 22:26:29.225 [info] > git ls-files --stage -- /home/alberto/Desktop/Projects/deli/package.json [2ms]
2025-01-03 22:26:29.240 [info] > git cat-file -s 745302aed89c24f45672ea06aff5c7f78b1fea33 [2ms]
2025-01-03 22:26:29.256 [info] > git show --textconv :package.json [3ms]
2025-01-03 22:26:37.311 [info] > git config --get commit.template [18ms]
2025-01-03 22:26:37.313 [info] > git for-each-ref --format=%(refname)%00%(upstream:short)%00%(objectname)%00%(upstream:track)%00%(upstream:remotename)%00%(upstream:remoteref) refs/heads/main refs/remotes/main [3ms]
2025-01-03 22:26:37.348 [info] > git status -z -uall [19ms]
2025-01-03 22:26:37.350 [info] > git for-each-ref --sort -committerdate --format %(refname) %(objectname) %(*objectname) [3ms]
2025-01-03 22:26:46.685 [info] > git config --get commit.template [15ms]
2025-01-03 22:26:46.686 [info] > git for-each-ref --format=%(refname)%00%(upstream:short)%00%(objectname)%00%(upstream:track)%00%(upstream:remotename)%00%(upstream:remoteref) refs/heads/main refs/remotes/main [3ms]
2025-01-03 22:26:46.715 [info] > git status -z -uall [12ms]
2025-01-03 22:26:46.717 [info] > git for-each-ref --sort -committerdate --format %(refname) %(objectname) %(*objectname) [2ms]
2025-01-03 22:27:00.660 [info] > git config --get commit.template [3ms]
2025-01-03 22:27:00.679 [info] > git for-each-ref --format=%(refname)%00%(upstream:short)%00%(objectname)%00%(upstream:track)%00%(upstream:remotename)%00%(upstream:remoteref) refs/heads/main refs/remotes/main [2ms]
2025-01-03 22:27:00.713 [info] > git status -z -uall [15ms]
2025-01-03 22:27:00.715 [info] > git for-each-ref --sort -committerdate --format %(refname) %(objectname) %(*objectname) [3ms]
2025-01-03 22:29:59.004 [info] > git config --get commit.template [22ms]
2025-01-03 22:29:59.007 [info] > git for-each-ref --format=%(refname)%00%(upstream:short)%00%(objectname)%00%(upstream:track)%00%(upstream:remotename)%00%(upstream:remoteref) refs/heads/main refs/remotes/main [4ms]
2025-01-03 22:29:59.035 [info] > git status -z -uall [14ms]
2025-01-03 22:29:59.037 [info] > git for-each-ref --sort -committerdate --format %(refname) %(objectname) %(*objectname) [3ms]
2025-01-03 22:30:22.374 [info] > git config --get commit.template [14ms]
2025-01-03 22:30:22.376 [info] > git for-each-ref --format=%(refname)%00%(upstream:short)%00%(objectname)%00%(upstream:track)%00%(upstream:remotename)%00%(upstream:remoteref) refs/heads/main refs/remotes/main [3ms]
2025-01-03 22:30:22.403 [info] > git status -z -uall [13ms]
2025-01-03 22:30:22.406 [info] > git for-each-ref --sort -committerdate --format %(refname) %(objectname) %(*objectname) [2ms]
2025-01-03 22:30:27.441 [info] > git config --get commit.template [15ms]
2025-01-03 22:30:27.444 [info] > git for-each-ref --format=%(refname)%00%(upstream:short)%00%(objectname)%00%(upstream:track)%00%(upstream:remotename)%00%(upstream:remoteref) refs/heads/main refs/remotes/main [4ms]
2025-01-03 22:30:27.467 [info] > git status -z -uall [10ms]
2025-01-03 22:30:27.469 [info] > git for-each-ref --sort -committerdate --format %(refname) %(objectname) %(*objectname) [3ms]
2025-01-03 22:31:05.061 [info] > git show --textconv :src/App.js [151ms]
2025-01-03 22:31:05.062 [info] > git ls-files --stage -- /home/alberto/Desktop/Projects/deli/src/App.js [139ms]
2025-01-03 22:31:05.085 [info] > git cat-file -s 78d30e20195a56d406fe7ecc937e94763a33de7f [11ms]
2025-01-03 22:34:39.988 [info] > git show --textconv :package.json [14ms]
2025-01-03 22:34:39.989 [info] > git ls-files --stage -- /home/alberto/Desktop/Projects/deli/package.json [2ms]
2025-01-03 22:34:40.005 [info] > git cat-file -s 745302aed89c24f45672ea06aff5c7f78b1fea33 [5ms]
2025-01-03 22:37:35.824 [info] > git show --textconv :src/App.js [17ms]
2025-01-03 22:37:35.827 [info] > git ls-files --stage -- /home/alberto/Desktop/Projects/deli/src/App.js [3ms]
2025-01-03 22:37:35.843 [info] > git cat-file -s 78d30e20195a56d406fe7ecc937e94763a33de7f [4ms]
2025-01-03 22:38:31.627 [info] > git config --get commit.template [21ms]
2025-01-03 22:38:31.630 [info] > git for-each-ref --format=%(refname)%00%(upstream:short)%00%(objectname)%00%(upstream:track)%00%(upstream:remotename)%00%(upstream:remoteref) refs/heads/main refs/remotes/main [5ms]
2025-01-03 22:38:31.666 [info] > git status -z -uall [20ms]
2025-01-03 22:38:31.669 [info] > git for-each-ref --sort -committerdate --format %(refname) %(objectname) %(*objectname) [4ms]
2025-01-03 22:41:50.850 [info] > git config --get commit.template [19ms]
2025-01-03 22:41:50.852 [info] > git for-each-ref --format=%(refname)%00%(upstream:short)%00%(objectname)%00%(upstream:track)%00%(upstream:remotename)%00%(upstream:remoteref) refs/heads/main refs/remotes/main [3ms]
2025-01-03 22:41:50.883 [info] > git status -z -uall [16ms]
2025-01-03 22:41:50.886 [info] > git for-each-ref --sort -committerdate --format %(refname) %(objectname) %(*objectname) [4ms]
2025-01-03 22:42:11.252 [info] > git config --get commit.template [2ms]
2025-01-03 22:42:11.271 [info] > git for-each-ref --format=%(refname)%00%(upstream:short)%00%(objectname)%00%(upstream:track)%00%(upstream:remotename)%00%(upstream:remoteref) refs/heads/main refs/remotes/main [3ms]
2025-01-03 22:42:11.303 [info] > git status -z -uall [14ms]
2025-01-03 22:42:11.305 [info] > git for-each-ref --sort -committerdate --format %(refname) %(objectname) %(*objectname) [4ms]
2025-01-03 22:42:32.331 [info] > git config --get commit.template [2ms]
2025-01-03 22:42:32.354 [info] > git for-each-ref --format=%(refname)%00%(upstream:short)%00%(objectname)%00%(upstream:track)%00%(upstream:remotename)%00%(upstream:remoteref) refs/heads/main refs/remotes/main [3ms]
2025-01-03 22:42:32.389 [info] > git status -z -uall [20ms]
2025-01-03 22:42:32.391 [info] > git for-each-ref --sort -committerdate --format %(refname) %(objectname) %(*objectname) [3ms]
2025-01-03 22:42:58.611 [info] > git config --get commit.template [3ms]
2025-01-03 22:42:58.629 [info] > git for-each-ref --format=%(refname)%00%(upstream:short)%00%(objectname)%00%(upstream:track)%00%(upstream:remotename)%00%(upstream:remoteref) refs/heads/main refs/remotes/main [6ms]
2025-01-03 22:42:58.658 [info] > git status -z -uall [14ms]
2025-01-03 22:42:58.660 [info] > git for-each-ref --sort -committerdate --format %(refname) %(objectname) %(*objectname) [3ms]
2025-01-03 22:43:19.284 [info] > git config --get commit.template [18ms]
2025-01-03 22:43:19.288 [info] > git for-each-ref --format=%(refname)%00%(upstream:short)%00%(objectname)%00%(upstream:track)%00%(upstream:remotename)%00%(upstream:remoteref) refs/heads/main refs/remotes/main [4ms]
2025-01-03 22:43:19.322 [info] > git status -z -uall [15ms]
2025-01-03 22:43:19.326 [info] > git for-each-ref --sort -committerdate --format %(refname) %(objectname) %(*objectname) [5ms]
2025-01-03 22:44:24.530 [info] > git config --get commit.template [20ms]
2025-01-03 22:44:24.532 [info] > git for-each-ref --format=%(refname)%00%(upstream:short)%00%(objectname)%00%(upstream:track)%00%(upstream:remotename)%00%(upstream:remoteref) refs/heads/main refs/remotes/main [4ms]
2025-01-03 22:44:24.569 [info] > git status -z -uall [19ms]
2025-01-03 22:44:24.574 [info] > git for-each-ref --sort -committerdate --format %(refname) %(objectname) %(*objectname) [5ms]
2025-01-03 22:44:45.634 [info] > git config --get commit.template [1ms]
2025-01-03 22:44:45.656 [info] > git for-each-ref --format=%(refname)%00%(upstream:short)%00%(objectname)%00%(upstream:track)%00%(upstream:remotename)%00%(upstream:remoteref) refs/heads/main refs/remotes/main [4ms]
2025-01-03 22:44:45.689 [info] > git status -z -uall [17ms]
2025-01-03 22:44:45.692 [info] > git for-each-ref --sort -committerdate --format %(refname) %(objectname) %(*objectname) [5ms]
2025-01-03 22:44:50.174 [info] > git ls-files --stage -- /home/alberto/Desktop/Projects/deli/src/App.js [3ms]
2025-01-03 22:44:50.195 [info] > git cat-file -s 4b48f068a7e61a4b652abd9af182405800d8a322 [4ms]
2025-01-03 22:44:50.215 [info] > git show --textconv :src/App.js [3ms]
2025-01-03 22:44:50.729 [info] > git config --get commit.template [16ms]
2025-01-03 22:44:50.730 [info] > git for-each-ref --format=%(refname)%00%(upstream:short)%00%(objectname)%00%(upstream:track)%00%(upstream:remotename)%00%(upstream:remoteref) refs/heads/main refs/remotes/main [2ms]
2025-01-03 22:44:50.766 [info] > git status -z -uall [20ms]
2025-01-03 22:44:50.768 [info] > git for-each-ref --sort -committerdate --format %(refname) %(objectname) %(*objectname) [5ms]
2025-01-03 22:56:14.343 [info] > git config --get commit.template [1ms]
2025-01-03 22:56:14.381 [info] > git ls-files --stage -- /home/alberto/Desktop/Projects/deli/src/App.js [20ms]
2025-01-03 22:56:14.400 [info] > git for-each-ref --format=%(refname)%00%(upstream:short)%00%(objectname)%00%(upstream:track)%00%(upstream:remotename)%00%(upstream:remoteref) refs/heads/main refs/remotes/main [21ms]
2025-01-03 22:56:14.435 [info] > git status -z -uall [17ms]
2025-01-03 22:56:14.436 [info] > git cat-file -s 4b48f068a7e61a4b652abd9af182405800d8a322 [37ms]
2025-01-03 22:56:14.453 [info] > git show --textconv :src/App.js [1ms]
2025-01-03 22:56:14.453 [info] > git for-each-ref --sort -committerdate --format %(refname) %(objectname) %(*objectname) [18ms]
2025-01-03 22:56:14.470 [info] > git merge-base refs/heads/main refs/remotes/origin/main [2ms]
2025-01-03 22:56:14.483 [info] > git diff --name-status -z --diff-filter=ADMR e4cd8b340427e9eac47b6d7c292141b8baac6f82...refs/remotes/origin/main [2ms]
2025-01-03 23:05:35.895 [info] > git config --get commit.template [19ms]
2025-01-03 23:05:35.898 [info] > git for-each-ref --format=%(refname)%00%(upstream:short)%00%(objectname)%00%(upstream:track)%00%(upstream:remotename)%00%(upstream:remoteref) refs/heads/main refs/remotes/main [5ms]
2025-01-03 23:05:35.934 [info] > git status -z -uall [19ms]
2025-01-03 23:05:35.937 [info] > git for-each-ref --sort -committerdate --format %(refname) %(objectname) %(*objectname) [4ms]
2025-01-03 23:05:40.976 [info] > git config --get commit.template [18ms]
2025-01-03 23:05:40.978 [info] > git for-each-ref --format=%(refname)%00%(upstream:short)%00%(objectname)%00%(upstream:track)%00%(upstream:remotename)%00%(upstream:remoteref) refs/heads/main refs/remotes/main [4ms]
2025-01-03 23:05:41.014 [info] > git status -z -uall [15ms]
2025-01-03 23:05:41.017 [info] > git for-each-ref --sort -committerdate --format %(refname) %(objectname) %(*objectname) [4ms]
2025-01-03 23:06:03.765 [info] > git show --textconv :vite.config.ts [16ms]
2025-01-03 23:06:03.767 [info] > git ls-files --stage -- /home/alberto/Desktop/Projects/deli/vite.config.ts [4ms]
2025-01-03 23:06:03.954 [info] > git check-ignore -v -z --stdin [5ms]
2025-01-03 23:06:04.582 [info] > git config --get commit.template [2ms]
2025-01-03 23:06:04.603 [info] > git for-each-ref --format=%(refname)%00%(upstream:short)%00%(objectname)%00%(upstream:track)%00%(upstream:remotename)%00%(upstream:remoteref) refs/heads/main refs/remotes/main [3ms]
2025-01-03 23:06:04.639 [info] > git status -z -uall [16ms]
2025-01-03 23:06:04.642 [info] > git for-each-ref --sort -committerdate --format %(refname) %(objectname) %(*objectname) [4ms]
2025-01-04 12:29:36.002 [info] > git config --get commit.template [25ms]
2025-01-04 12:29:36.003 [info] > git for-each-ref --format=%(refname)%00%(upstream:short)%00%(objectname)%00%(upstream:track)%00%(upstream:remotename)%00%(upstream:remoteref) refs/heads/main refs/remotes/main [3ms]
2025-01-04 12:29:36.044 [info] > git status -z -uall [21ms]
2025-01-04 12:29:36.046 [info] > git for-each-ref --sort -committerdate --format %(refname) %(objectname) %(*objectname) [4ms]
