2025-01-03 21:31:53.729 [info] Extension host with pid 84218 started
2025-01-03 21:31:53.729 [info] Skipping acquiring lock for /home/alberto/.config/Code - OSS/User/workspaceStorage/cd6e709ddbf4987f1c58bba71cff3168.
2025-01-03 21:31:53.799 [info] ExtensionService#_doActivateExtension vscode.git-base, startup: true, activationEvent: '*', root cause: vscode.git
2025-01-03 21:31:53.809 [info] ExtensionService#_doActivateExtension vscode.npm, startup: true, activationEvent: 'workspaceContains:package.json'
2025-01-03 21:31:53.911 [info] ExtensionService#_doActivateExtension vscode.git, startup: true, activationEvent: '*'
2025-01-03 21:31:54.052 [info] ExtensionService#_doActivateExtension vscode.github, startup: true, activationEvent: '*'
2025-01-03 21:31:54.207 [info] Eager extensions activated
2025-01-03 21:31:54.293 [info] ExtensionService#_doActivateExtension vscode.debug-auto-launch, startup: false, activationEvent: 'onStartupFinished'
2025-01-03 21:31:54.297 [info] ExtensionService#_doActivateExtension vscode.merge-conflict, startup: false, activationEvent: 'onStartupFinished'
2025-01-03 21:31:54.336 [info] ExtensionService#_doActivateExtension vscode-icons-team.vscode-icons, startup: false, activationEvent: 'onStartupFinished'
2025-01-03 21:31:54.472 [info] ExtensionService#_doActivateExtension vscode.emmet, startup: false, activationEvent: 'onLanguage'
2025-01-03 21:31:54.773 [info] ExtensionService#_doActivateExtension vscode.github-authentication, startup: false, activationEvent: 'onAuthenticationRequest:github'
2025-01-03 21:31:58.988 [info] ExtensionService#_doActivateExtension vscode.configuration-editing, startup: false, activationEvent: 'onLanguage:json'
2025-01-03 21:31:59.025 [info] ExtensionService#_doActivateExtension vscode.extension-editing, startup: false, activationEvent: 'onLanguage:json'
2025-01-03 21:31:59.048 [info] ExtensionService#_doActivateExtension vscode.json-language-features, startup: false, activationEvent: 'onLanguage:json'
2025-01-03 21:31:59.721 [info] ExtensionService#_doActivateExtension vscode.typescript-language-features, startup: false, activationEvent: 'onLanguage:javascript'
2025-01-03 21:41:19.244 [info] Extension host terminating: renderer closed the MessagePort
2025-01-03 21:41:19.287 [error] Canceled: Canceled
	at new tT (file:///usr/lib/code/out/vs/workbench/api/node/extensionHostProcess.js:31:108738)
	at py.U (file:///usr/lib/code/out/vs/workbench/api/node/extensionHostProcess.js:31:113348)
	at s.<computed>.n.charCodeAt.s.<computed> (file:///usr/lib/code/out/vs/workbench/api/node/extensionHostProcess.js:31:110842)
	at Y0.g (file:///usr/lib/code/out/vs/workbench/api/node/extensionHostProcess.js:114:32313)
	at Y0.executeCommand (file:///usr/lib/code/out/vs/workbench/api/node/extensionHostProcess.js:114:31817)
	at r.registerCommand.description (file:///usr/lib/code/out/vs/workbench/api/node/extensionHostProcess.js:114:31147)
	at Y0.h (file:///usr/lib/code/out/vs/workbench/api/node/extensionHostProcess.js:114:32833)
	at Y0.g (file:///usr/lib/code/out/vs/workbench/api/node/extensionHostProcess.js:114:31910)
	at Y0.executeCommand (file:///usr/lib/code/out/vs/workbench/api/node/extensionHostProcess.js:114:31817)
	at Object.executeCommand (file:///usr/lib/code/out/vs/workbench/api/node/extensionHostProcess.js:156:37246)
	at mh.O [as value] (/usr/lib/code/extensions/git/dist/main.js:2:961845)
	at D.B (file:///usr/lib/code/out/vs/workbench/api/node/extensionHostProcess.js:29:746)
	at D.C (file:///usr/lib/code/out/vs/workbench/api/node/extensionHostProcess.js:29:816)
	at D.fire (file:///usr/lib/code/out/vs/workbench/api/node/extensionHostProcess.js:29:1033)
	at Object.p [as dispose] (/usr/lib/code/extensions/git/dist/main.js:2:983333)
	at /usr/lib/code/extensions/git/dist/main.js:2:989455
	at Array.forEach (<anonymous>)
	at b.dispose (/usr/lib/code/extensions/git/dist/main.js:2:989441)
	at V1.<anonymous> (file:///usr/lib/code/out/vs/workbench/api/node/extensionHostProcess.js:108:19994)
	at V1.dispose (file:///usr/lib/code/out/vs/workbench/api/node/extensionHostProcess.js:108:20090)
	at V1.<anonymous> (/usr/lib/code/extensions/git/dist/main.js:2:964255)
	at V1.dispose (file:///usr/lib/code/out/vs/workbench/api/node/extensionHostProcess.js:108:20090)
	at ci (file:///usr/lib/code/out/vs/workbench/api/node/extensionHostProcess.js:24:699)
	at file:///usr/lib/code/out/vs/workbench/api/node/extensionHostProcess.js:118:14992
	at file:///usr/lib/code/out/vs/workbench/api/node/extensionHostProcess.js:24:1009
	at Object.dispose (file:///usr/lib/code/out/vs/workbench/api/node/extensionHostProcess.js:7:2146)
	at z_.eb (file:///usr/lib/code/out/vs/workbench/api/node/extensionHostProcess.js:118:11919)
	at file:///usr/lib/code/out/vs/workbench/api/node/extensionHostProcess.js:118:9874
	at Array.map (<anonymous>)
	at z_.$ (file:///usr/lib/code/out/vs/workbench/api/node/extensionHostProcess.js:118:9862)
	at z_.terminate (file:///usr/lib/code/out/vs/workbench/api/node/extensionHostProcess.js:118:10105)
	at EC.terminate (file:///usr/lib/code/out/vs/workbench/api/node/extensionHostProcess.js:119:1424)
	at Zi (file:///usr/lib/code/out/vs/workbench/api/node/extensionHostProcess.js:174:15063)
	at MessagePortMain.<anonymous> (file:///usr/lib/code/out/vs/workbench/api/node/extensionHostProcess.js:174:11611)
	at MessagePortMain.emit (node:events:518:28)
	at MessagePortMain._internalPort.emit (node:electron/js2c/utility_init:2:2949) setContext undefined
2025-01-03 21:41:19.290 [error] Canceled: Canceled
	at new tT (file:///usr/lib/code/out/vs/workbench/api/node/extensionHostProcess.js:31:108738)
	at py.U (file:///usr/lib/code/out/vs/workbench/api/node/extensionHostProcess.js:31:113348)
	at s.<computed>.n.charCodeAt.s.<computed> (file:///usr/lib/code/out/vs/workbench/api/node/extensionHostProcess.js:31:110842)
	at Y0.g (file:///usr/lib/code/out/vs/workbench/api/node/extensionHostProcess.js:114:32313)
	at Y0.executeCommand (file:///usr/lib/code/out/vs/workbench/api/node/extensionHostProcess.js:114:31817)
	at r.registerCommand.description (file:///usr/lib/code/out/vs/workbench/api/node/extensionHostProcess.js:114:31147)
	at Y0.h (file:///usr/lib/code/out/vs/workbench/api/node/extensionHostProcess.js:114:32833)
	at Y0.g (file:///usr/lib/code/out/vs/workbench/api/node/extensionHostProcess.js:114:31910)
	at Y0.executeCommand (file:///usr/lib/code/out/vs/workbench/api/node/extensionHostProcess.js:114:31817)
	at Object.executeCommand (file:///usr/lib/code/out/vs/workbench/api/node/extensionHostProcess.js:156:37246)
	at set hasGitHubRepositories (/usr/lib/code/extensions/github/dist/extension.js:2:328633)
	at /usr/lib/code/extensions/github/dist/extension.js:2:329592
	at mh.value (/usr/lib/code/extensions/git/dist/main.js:2:1073936)
	at D.B (file:///usr/lib/code/out/vs/workbench/api/node/extensionHostProcess.js:29:746)
	at D.C (file:///usr/lib/code/out/vs/workbench/api/node/extensionHostProcess.js:29:816)
	at D.fire (file:///usr/lib/code/out/vs/workbench/api/node/extensionHostProcess.js:29:1033)
	at Object.p [as dispose] (/usr/lib/code/extensions/git/dist/main.js:2:983333)
	at /usr/lib/code/extensions/git/dist/main.js:2:989455
	at Array.forEach (<anonymous>)
	at b.dispose (/usr/lib/code/extensions/git/dist/main.js:2:989441)
	at V1.<anonymous> (file:///usr/lib/code/out/vs/workbench/api/node/extensionHostProcess.js:108:19994)
	at V1.dispose (file:///usr/lib/code/out/vs/workbench/api/node/extensionHostProcess.js:108:20090)
	at V1.<anonymous> (/usr/lib/code/extensions/git/dist/main.js:2:964255)
	at V1.dispose (file:///usr/lib/code/out/vs/workbench/api/node/extensionHostProcess.js:108:20090)
	at ci (file:///usr/lib/code/out/vs/workbench/api/node/extensionHostProcess.js:24:699)
	at file:///usr/lib/code/out/vs/workbench/api/node/extensionHostProcess.js:118:14992
	at file:///usr/lib/code/out/vs/workbench/api/node/extensionHostProcess.js:24:1009
	at Object.dispose (file:///usr/lib/code/out/vs/workbench/api/node/extensionHostProcess.js:7:2146)
	at z_.eb (file:///usr/lib/code/out/vs/workbench/api/node/extensionHostProcess.js:118:11919)
	at file:///usr/lib/code/out/vs/workbench/api/node/extensionHostProcess.js:118:9874
	at Array.map (<anonymous>)
	at z_.$ (file:///usr/lib/code/out/vs/workbench/api/node/extensionHostProcess.js:118:9862)
	at z_.terminate (file:///usr/lib/code/out/vs/workbench/api/node/extensionHostProcess.js:118:10105)
	at EC.terminate (file:///usr/lib/code/out/vs/workbench/api/node/extensionHostProcess.js:119:1424)
	at Zi (file:///usr/lib/code/out/vs/workbench/api/node/extensionHostProcess.js:174:15063)
	at MessagePortMain.<anonymous> (file:///usr/lib/code/out/vs/workbench/api/node/extensionHostProcess.js:174:11611)
	at MessagePortMain.emit (node:events:518:28)
	at MessagePortMain._internalPort.emit (node:electron/js2c/utility_init:2:2949) setContext undefined
2025-01-03 21:41:19.295 [info] Extension host with pid 84218 exiting with code 0
