2025-01-03 21:31:54.429 [info] [main] Log level: Info
2025-01-03 21:31:54.429 [info] [main] Validating found git in: "git"
2025-01-03 21:31:54.429 [info] [main] Using git "2.47.1" from "git"
2025-01-03 21:31:54.429 [info] [Model][doInitialScan] Initial repository scan started
2025-01-03 21:31:54.429 [info] > git rev-parse --show-toplevel [11ms]
2025-01-03 21:31:54.429 [info] > git rev-parse --git-dir --git-common-dir [4ms]
2025-01-03 21:31:54.429 [info] [Model][openRepository] Opened repository: /home/alberto/Desktop/Projects/deli
2025-01-03 21:31:54.429 [info] > git rev-parse --show-toplevel [53ms]
2025-01-03 21:31:54.429 [info] > git config --get commit.template [64ms]
2025-01-03 21:31:54.515 [info] > git rev-parse --show-toplevel [74ms]
2025-01-03 21:31:54.516 [info] [Model][doInitialScan] Initial repository scan completed - repositories (1), closed repositories (0), parent repositories (0), unsafe repositories (0)
2025-01-03 21:31:54.536 [info] > git for-each-ref --format=%(refname)%00%(upstream:short)%00%(objectname)%00%(upstream:track)%00%(upstream:remotename)%00%(upstream:remoteref) refs/heads/main refs/remotes/main [24ms]
2025-01-03 21:31:54.550 [warning] [Git][revParse] Unable to read file: ENOENT: no such file or directory, open '/home/alberto/Desktop/Projects/deli/.git/refs/remotes/origin/main'
2025-01-03 21:31:54.555 [info] > git rev-parse refs/remotes/origin/main [5ms]
2025-01-03 21:31:54.700 [info] > git status -z -uall [132ms]
2025-01-03 21:31:54.701 [info] > git for-each-ref --sort -committerdate --format %(refname) %(objectname) %(*objectname) [119ms]
2025-01-03 21:31:54.740 [info] > git for-each-ref --format=%(refname)%00%(upstream:short)%00%(objectname)%00%(upstream:track)%00%(upstream:remotename)%00%(upstream:remoteref) refs/heads/main refs/remotes/main [21ms]
2025-01-03 21:31:54.758 [info] > git config --local branch.main.vscode-merge-base [7ms]
2025-01-03 21:31:54.758 [warning] [Git][config] git config failed: Failed to execute git
2025-01-03 21:31:54.769 [info] > git config --get commit.template [30ms]
2025-01-03 21:31:54.837 [info] > git reflog main --grep-reflog=branch: Created from *. [68ms]
2025-01-03 21:31:54.894 [info] > git symbolic-ref --short refs/remotes/origin/HEAD [47ms]
2025-01-03 21:31:54.903 [info] > git for-each-ref --format=%(refname)%00%(upstream:short)%00%(objectname)%00%(upstream:track)%00%(upstream:remotename)%00%(upstream:remoteref) refs/heads/main refs/remotes/main [68ms]
2025-01-03 21:31:54.938 [warning] [Git][revParse] Unable to read file: ENOENT: no such file or directory, open '/home/alberto/Desktop/Projects/deli/.git/refs/remotes/origin/main'
2025-01-03 21:31:54.958 [info] > git check-ignore -v -z --stdin [6ms]
2025-01-03 21:31:54.960 [info] > git rev-parse refs/remotes/origin/main [22ms]
2025-01-03 21:31:54.982 [info] > git for-each-ref --format=%(refname)%00%(upstream:short)%00%(objectname)%00%(upstream:track)%00%(upstream:remotename)%00%(upstream:remoteref) refs/heads/origin/main refs/remotes/origin/main [79ms]
2025-01-03 21:31:55.113 [info] > git status -z -uall [143ms]
2025-01-03 21:31:55.113 [info] > git for-each-ref --sort -committerdate --format %(refname) %(objectname) %(*objectname) [131ms]
2025-01-03 21:31:55.136 [info] > git config --local branch.main.vscode-merge-base origin/main [142ms]
2025-01-03 21:31:55.151 [info] > git for-each-ref --format=%(refname)%00%(upstream:short)%00%(objectname)%00%(upstream:track)%00%(upstream:remotename)%00%(upstream:remoteref) refs/heads/main refs/remotes/main [19ms]
2025-01-03 21:31:55.167 [info] > git config --local branch.main.vscode-merge-base [4ms]
2025-01-03 21:31:55.179 [info] > git config --get commit.template [29ms]
2025-01-03 21:31:55.182 [info] > git for-each-ref --format=%(refname)%00%(upstream:short)%00%(objectname)%00%(upstream:track)%00%(upstream:remotename)%00%(upstream:remoteref) refs/heads/origin/main refs/remotes/origin/main [3ms]
2025-01-03 21:31:55.225 [info] > git merge-base refs/heads/main refs/remotes/origin/main [31ms]
2025-01-03 21:31:55.240 [info] > git for-each-ref --format=%(refname)%00%(upstream:short)%00%(objectname)%00%(upstream:track)%00%(upstream:remotename)%00%(upstream:remoteref) refs/heads/main refs/remotes/main [16ms]
2025-01-03 21:31:55.252 [warning] [Git][revParse] Unable to read file: ENOENT: no such file or directory, open '/home/alberto/Desktop/Projects/deli/.git/refs/remotes/origin/main'
2025-01-03 21:31:55.253 [info] > git diff --name-status -z --diff-filter=ADMR 5f88bb87e279f24b5adbfc4b659383586421ea5b...refs/remotes/origin/main [15ms]
2025-01-03 21:31:55.255 [info] > git rev-parse refs/remotes/origin/main [3ms]
2025-01-03 21:31:55.279 [info] > git for-each-ref --sort -committerdate --format %(refname) %(objectname) %(*objectname) [3ms]
2025-01-03 21:31:55.424 [info] > git status -z -uall [160ms]
2025-01-03 21:31:57.227 [info] > git check-ignore -v -z --stdin [2ms]
2025-01-03 21:31:59.183 [info] > git check-ignore -v -z --stdin [4ms]
2025-01-03 21:32:00.445 [info] > git show --textconv :src/components/ContactUs.js [17ms]
2025-01-03 21:32:00.445 [info] > git ls-files --stage -- /home/alberto/Desktop/Projects/deli/src/components/ContactUs.js [5ms]
2025-01-03 21:32:00.463 [info] > git cat-file -s 91d65505fc05f03a64994f4be3fd64abf60e778a [8ms]
2025-01-03 21:32:01.689 [info] > git show --textconv :src/components/Footer.js [13ms]
2025-01-03 21:32:01.691 [info] > git ls-files --stage -- /home/alberto/Desktop/Projects/deli/src/components/Footer.js [3ms]
2025-01-03 21:32:01.706 [info] > git cat-file -s fd6911710e299d4a395c022c681de6ded4220494 [2ms]
2025-01-03 21:32:02.680 [info] > git show --textconv :src/components/Navbar.js [14ms]
2025-01-03 21:32:02.682 [info] > git ls-files --stage -- /home/alberto/Desktop/Projects/deli/src/components/Navbar.js [3ms]
2025-01-03 21:32:02.695 [info] > git cat-file -s 8ba341bf86e7db1becafb1132bba3dcfcddf1aa9 [4ms]
2025-01-03 21:32:03.498 [info] > git show --textconv :src/components/Register.js [17ms]
2025-01-03 21:32:03.500 [info] > git ls-files --stage -- /home/alberto/Desktop/Projects/deli/src/components/Register.js [3ms]
2025-01-03 21:32:03.520 [info] > git cat-file -s 45a89808f17b43ac358be3cdcbaf5cb1c711c7b9 [4ms]
2025-01-03 21:32:45.930 [info] > git show --textconv :package.json [64ms]
2025-01-03 21:32:45.931 [info] > git ls-files --stage -- /home/alberto/Desktop/Projects/deli/package.json [51ms]
2025-01-03 21:32:45.948 [info] > git cat-file -s 59b226a9d8fb95c809a5f72b1b39501fd2c36037 [5ms]
2025-01-03 21:33:34.743 [info] > git config --get commit.template [20ms]
2025-01-03 21:33:34.748 [info] > git for-each-ref --format=%(refname)%00%(upstream:short)%00%(objectname)%00%(upstream:track)%00%(upstream:remotename)%00%(upstream:remoteref) refs/heads/main refs/remotes/main [7ms]
2025-01-03 21:33:34.761 [warning] [Git][revParse] Unable to read file: ENOENT: no such file or directory, open '/home/alberto/Desktop/Projects/deli/.git/refs/remotes/origin/main'
2025-01-03 21:33:34.763 [info] > git rev-parse refs/remotes/origin/main [2ms]
2025-01-03 21:33:34.796 [info] > git for-each-ref --sort -committerdate --format %(refname) %(objectname) %(*objectname) [2ms]
2025-01-03 21:33:34.851 [info] > git status -z -uall [72ms]
2025-01-03 21:41:17.737 [info] > git config --get commit.template [19ms]
2025-01-03 21:41:17.739 [info] > git for-each-ref --format=%(refname)%00%(upstream:short)%00%(objectname)%00%(upstream:track)%00%(upstream:remotename)%00%(upstream:remoteref) refs/heads/main refs/remotes/main [4ms]
2025-01-03 21:41:17.753 [warning] [Git][revParse] Unable to read file: ENOENT: no such file or directory, open '/home/alberto/Desktop/Projects/deli/.git/refs/remotes/origin/main'
2025-01-03 21:41:17.756 [info] > git rev-parse refs/remotes/origin/main [3ms]
2025-01-03 21:41:17.788 [info] > git for-each-ref --sort -committerdate --format %(refname) %(objectname) %(*objectname) [4ms]
2025-01-03 21:41:17.834 [info] > git status -z -uall [65ms]
