[37201][1730755272768][main][info]["Booting Postman 11.18.0, linux-6.11.5-arch1-1 on x64"]
[37201][1730755272774][main][info]["EventBus~initialize - Success"]
[37201][1730755272784][main][info]["Proxy configuration has not been setup"]
[37201][1730755272785][main][info]["CloudProxyManager~init - Success"]
[37201][1730755272877][main][info]["performShellDataMigration: Starting shell data migration"]
[37201][1730755272878][main][info]["migrateShellData:Starting"]
[37201][1730755272884][main][info]["migrateShellData: Old storage cleaned up"]
[37201][1730755273274][main][info]["migrateShellData: Got data from shell. Writing to storage"]
[37201][1730755273283][main][info]["performShellDataMigration: Migration successful on try count 1"]
[37201][1730755273299][main][info]["UpdateHandler~init - Success"]
[37201][1730755273301][main][info]["LeaderSelection: Initialized successfully"]
[37201][1730755273302][main][info]["VersionDependencyService: Initialized successfully"]
[37201][1730755273319][main][info]["LinuxAutoUpdater~Cleanup - Initial cleanup successful"]
[37201][1730755273333][main][info]["shellController~init: Success"]
[37201][1730755273334][main][info]["shellMeta~init: Success"]
[37201][1730755273334][main][info]["partitionMigrationService: State of V7 partition:"]
[37201][1730755273335][main][info]["partitionMigrationService: V7 partitions",[]]
[37201][1730755273335][main][info]["partitionMigrationService~rectifyNamespaceOfScratchPadPartition: There is no partition with scratchpad namespace"]
[37201][1730755273336][main][info]["partitionMigrationService~rectifyNamespaceOfScratchPadPartition: There is no transit partition which could have been used for scratchpad"]
[37201][1730755273336][main][info]["partitionMigrationService~init: Success"]
[37201][1730755273336][main][info]["partitionMigrationService~runV8PartitionsIntegrity: Two way migration~ removing the following partitions from v8",[]]
[37201][1730755273337][main][info]["userPartitionService~_rectifyTheActivePartitionOfApplication: Setting the active partition to ",null]
[37201][1730755273358][main][info]["Generated root certificate for linux"]
[37201][1730755273409][main][info]["GPU detected VID 4098 DID 5597 ACTIVE true"]
[37201][1730755273416][main][info]["userPartitionService~init: Success"]
[37201][1730755273422][main][info]["newAccountRegionPreferenceService~getPreferenceWithFallback - Preference not found in storage."]
[37201][1730755273422][main][info]["newAccountRegionPreferenceService~getToggleMenuTemplate - Using preference:","useUSRegion"]
[37201][1730755273478][main][info]["userPartitionService: State of v8 partition system:"]
[37201][1730755273479][main][info]["shell~init~getPartitionToLoad: loading scratchpad partition"]
[37201][1730755273479][main][info]["userPartitionService: List of partitions:",[]]
[37201][1730755273479][main][info]["userPartitionService: users global meta:",{}]
[37201][1730755273536][main][info]["Main:windowManager~newRequesterWindow: Fetch and update runtime config: undefined"]
[37201][1730755273619][main][info]["proxyCertificateService~ensureRootCAPresence: Deleting and creating new certificates"]
[37201][1730755279243][main][info]["RuntimeIPCAgent~started: Success"]
[37201][1730755279281][main][info]["Main~scratchpadThemeAction:: action: set, value: dark"]
[37201][1730755279287][main][info]["Main~scratchpadThemeAction:: action: set, value: dark"]
[37201][1730755279311][main][info]["Main~scratchpadThemeAction:: action: set, value: dark"]
[37201][1730755279344][main][info]["UpdateHandler~app-update-events - Received event",{"name":"checkForElectronVersionUpdated","namespace":"appUpdate"}]
[37201][1730755279360][main][info]["windowManager: First requester booted successfully."]
[37201][1730755279361][main][info]["windowManager~restoreWindows: Restoring requester windows"]
[37201][1730755279361][main][info]["Main~AppEvents - Received booted event for process requester.Version undefined UI Version: undefined Desktop Platform Version: 11.18.0"]
[37201][1730755292144][main][info]["WindowManager~closeHandler - Closed Window (id: 2 )"]
[37201][1730755292155][main][info]["Quitting app"]
[476697][1732916043127][main][info]["Booting Postman 11.21.0, linux-6.12.1-arch1-1 on x64"]
[476697][1732916043134][main][info]["EventBus~initialize - Success"]
[476697][1732916043139][main][info]["Proxy configuration has not been setup"]
[476697][1732916043140][main][info]["CloudProxyManager~init - Success"]
[476697][1732916043225][main][info]["performShellDataMigration: Migration has already been done. Bailing out"]
[476697][1732916043237][main][info]["UpdateHandler~init - Success"]
[476697][1732916043241][main][info]["LeaderSelection: Initialized successfully"]
[476697][1732916043243][main][info]["VersionDependencyService: Initialized successfully"]
[476697][1732916043264][main][info]["GPU detected VID 4098 DID 5597 ACTIVE true"]
[476697][1732916043267][main][info]["shellController~init: Success"]
[476697][1732916043268][main][info]["shellMeta~init: Success"]
[476697][1732916043268][main][info]["partitionMigrationService: State of V7 partition:"]
[476697][1732916043268][main][info]["partitionMigrationService: V7 partitions",[]]
[476697][1732916043269][main][info]["partitionMigrationService~rectifyNamespaceOfScratchPadPartition: There is no partition with scratchpad namespace"]
[476697][1732916043269][main][info]["partitionMigrationService~rectifyNamespaceOfScratchPadPartition: There is no transit partition which could have been used for scratchpad"]
[476697][1732916043269][main][info]["partitionMigrationService~init: Success"]
[476697][1732916043270][main][info]["partitionMigrationService~runV8PartitionsIntegrity: Two way migration~ removing the following partitions from v8",[]]
[476697][1732916043271][main][info]["userPartitionService~_rectifyTheActivePartitionOfApplication: Setting the active partition to ",null]
[476697][1732916043277][main][info]["LinuxAutoUpdater~Cleanup - Initial cleanup successful"]
[476697][1732916043289][main][info]["newAccountRegionPreferenceService~getPreferenceWithFallback - Preference not found in storage."]
[476697][1732916043290][main][info]["newAccountRegionPreferenceService~getToggleMenuTemplate - Using preference:","useUSRegion"]
[476697][1732916043309][main][info]["userPartitionService~init: Success"]
[476697][1732916043330][main][info]["userPartitionService: State of v8 partition system:"]
[476697][1732916043331][main][info]["shell~init~getPartitionToLoad: loading scratchpad partition"]
[476697][1732916043331][main][info]["userPartitionService: List of partitions:",[{"partitionId":"a94c92de-0e51-4b6a-b157-fa2b99a54f1a","namespace":"scratchPad","userId":0,"teamId":0,"isDirty":false}]]
[476697][1732916043331][main][info]["userPartitionService: users global meta:",{}]
[476697][1732916043332][main][info]["Main:windowManager~newRequesterWindow: Fetch and update runtime config: undefined"]
[476697][1732916048309][main][info]["RuntimeIPCAgent~started: Success"]
[476697][1732916048347][main][info]["Main~scratchpadThemeAction:: action: set, value: dark"]
[476697][1732916048354][main][info]["Main~scratchpadThemeAction:: action: set, value: dark"]
[476697][1732916048379][main][info]["Main~scratchpadThemeAction:: action: set, value: dark"]
[476697][1732916048400][main][info]["UpdateHandler~app-update-events - Received event",{"name":"checkForElectronVersionUpdated","namespace":"appUpdate"}]
[476697][1732916048401][main][info]["@postman/app-updater: version Updated","11.18.0","11.21.0"]
[476697][1732916048402][main][info]["UpdateHandler~app-update-events - Received event",{"name":"electronVersionUpdated","namespace":"appUpdate","data":{"lastKnownVersion":"11.18.0","currentVersion":"11.21.0"}}]
[476697][1732916048412][main][info]["windowManager: First requester booted successfully."]
[476697][1732916048413][main][info]["windowManager~restoreWindows: Restoring requester windows"]
[476697][1732916048414][main][info]["Main~AppEvents - Received booted event for process requester.Version undefined UI Version: undefined Desktop Platform Version: 11.21.0"]
[476697][1732917179270][main][info]["VersionDependencyService: Resetting UI version as user logged out/switched account"]
[476697][1732917179271][main][info]["Main - model-events~user - (users, add) received"]
[476697][1732917179739][main][info]["AuthHandler~open: Received dom-ready event."]
[476697][1732917179742][main][info]["AuthHandler~open: Received did-finish-load event."]
[476697][1732917180033][main][warn]["AuthHandler~open: Current app is not default protocol client - Falling back to polling mechanism."]
[476697][1732917180037][main][info]["newAccountRegionPreferenceService~getPreferenceWithFallback - Preference not found in storage."]
[476697][1732917180037][main][info]["newAccountRegionPreferenceService~getRegionPreference - Using preference:","useUSRegion"]
[476697][1732917180038][main][info]["AuthHandler~open: new Account region preference:","us"]
[476697][1732917180038][main][info]["AuthHandler~open: get multiLoginToken token."]
[476697][1732917180039][main][info]["AuthHandler~open: Publishing initialize event to auth-window channel."]
[476697][1732917210122][main][info]["Shell~init~loginUser: associating the user ","35095080"," with transit partition"]
[476697][1732917210123][main][info]["userPartitionService~getNewPartitionId: creating a partition with userId and teamId as 0"]
[476697][1732917210150][main][info]["userPartitionService~associateTransitPartition: ",{"partitionId":"c3055a26-075d-43fe-bdc8-539a8e0440e5","context":{"namespace":"users","userId":"35095080","teamId":"0","region":"us"}}]
[476697][1732917210173][main][info]["userPartitionService: State of v8 partition system:"]
[476697][1732917210173][main][info]["userPartitionService: List of partitions:",[{"partitionId":"c3055a26-075d-43fe-bdc8-539a8e0440e5","namespace":"users","userId":"35095080","teamId":"0","lastUpdated":"2024-11-29T21:53:30.150Z"},{"partitionId":"a94c92de-0e51-4b6a-b157-fa2b99a54f1a","namespace":"scratchPad","userId":0,"teamId":0,"isDirty":false}]]
[476697][1732917210173][main][info]["userPartitionService: users global meta:",{}]
[476697][1732917210185][main][info]["Main:windowManager~newRequesterWindow: Fetch and update runtime config: us"]
[476697][1732917214662][main][info]["Main~getRemoteInitPath:: "]
[476697][1732917214874][main][info]["Main - model-events~user - (user, update) received"]
[476697][1732917214875][main][info]["Main~reload: https://desktop.postman.com/?desktopVersion=11.21.0&userId=35095080&teamId=0&region=us"]
[476697][1732917215388][main][info]["UpdateHandler~app-update-events - Received event",{"name":"checkForElectronVersionUpdated","namespace":"appUpdate"}]
[476697][1732917215401][main][info]["INTERCEPTOR CONNECTIVITY: Connecting to Interceptor Bridge"]
[476697][1732917215422][main][info]["windowManager: First requester booted successfully."]
[476697][1732917215422][main][info]["windowManager~restoreWindows: Restoring requester windows"]
[476697][1732917215423][main][info]["Main~AppEvents - Received booted event for process requester.Version 11.21.0 UI Version: 11.21.0-ui-241119-0633 Desktop Platform Version: 11.21.0"]
[476697][1732917215591][main][info]["Main~getRemoteInitPath:: "]
[476697][1732917215921][main][info]["Main~getPlatformLaunchPerfMetrics"]
[476697][1732917218441][main][info]["Main~getRemoteInitPath:: "]
[476697][1732917218637][main][info]["Main - model-events~user - (user, update) received"]
[476697][1732917219287][main][info]["UpdateHandler~app-update-events - Received event",{"name":"checkForElectronVersionUpdated","namespace":"appUpdate"}]
[476697][1732917219312][main][info]["Main~AppEvents - Received booted event for process requester.Version 11.21.0 UI Version: 11.21.0-ui-241119-0633 Desktop Platform Version: 11.21.0"]
[476697][1732917219426][main][info]["Main~getRemoteInitPath:: "]
[476697][1732917220141][main][info]["INTERCEPTOR CONNECTIVITY: Attempting to start websocket server on port 15611"]
[476697][1732917221277][main][info]["Main - model-events~user - (user, bootstrapUser) received"]
[476697][1732917221277][main][info]["model-events~user - bootstrapUser received"]
[476697][1732917221280][main][info]["Main~getPlatformLaunchPerfMetrics"]
[476697][1732917221298][main][info]["Main - model-events~user - (user, bootstrapUser) received"]
[476697][1732917221299][main][info]["model-events~user - bootstrapUser received"]
[476697][1732917225826][main][error]["Error while retrieving user key from keychain",{"name":"Error","message":"The name is not activatable","stack":"Error: The name is not activatable"}]
[476697][1732955363725][main][info]["WindowManager~closeHandler - Closed Window (id: 3 )"]
[476697][1732955367324][main][info]["Quitting app"]
[3135017][1734119586284][main][info]["Booting Postman 11.21.0, linux-6.12.1-arch1-1 on x64"]
[3135017][1734119586290][main][info]["EventBus~initialize - Success"]
[3135017][1734119586296][main][info]["Proxy configuration has not been setup"]
[3135017][1734119586297][main][info]["CloudProxyManager~init - Success"]
[3135017][1734119586388][main][info]["performShellDataMigration: Migration has already been done. Bailing out"]
[3135017][1734119586400][main][info]["UpdateHandler~init - Success"]
[3135017][1734119586404][main][info]["LeaderSelection: Initialized successfully"]
[3135017][1734119586405][main][info]["VersionDependencyService: Initialized successfully"]
[3135017][1734119586426][main][info]["GPU detected VID 4098 DID 5597 ACTIVE true"]
[3135017][1734119586430][main][info]["shellController~init: Success"]
[3135017][1734119586430][main][info]["shellMeta~init: Success"]
[3135017][1734119586431][main][info]["partitionMigrationService: State of V7 partition:"]
[3135017][1734119586431][main][info]["partitionMigrationService: V7 partitions",[]]
[3135017][1734119586431][main][info]["partitionMigrationService~rectifyNamespaceOfScratchPadPartition: There is no partition with scratchpad namespace"]
[3135017][1734119586432][main][info]["partitionMigrationService~rectifyNamespaceOfScratchPadPartition: There is no transit partition which could have been used for scratchpad"]
[3135017][1734119586432][main][info]["partitionMigrationService~init: Success"]
[3135017][1734119586433][main][info]["partitionMigrationService~runV8PartitionsIntegrity: Two way migration~ removing the following partitions from v8",[]]
[3135017][1734119586434][main][info]["userPartitionService~getRecentV8UserPartition: recent v8 user context partition ","c3055a26-075d-43fe-bdc8-539a8e0440e5"]
[3135017][1734119586434][main][info]["userPartitionService~_rectifyTheActivePartitionOfApplication: Setting the active partition to ","c3055a26-075d-43fe-bdc8-539a8e0440e5"]
[3135017][1734119586442][main][info]["LinuxAutoUpdater~Cleanup - Initial cleanup successful"]
[3135017][1734119586454][main][info]["newAccountRegionPreferenceService~getPreferenceWithFallback - Preference not found in storage."]
[3135017][1734119586454][main][info]["newAccountRegionPreferenceService~getToggleMenuTemplate - Using preference:","useUSRegion"]
[3135017][1734119586469][main][info]["userPartitionService~init: Success"]
[3135017][1734119586490][main][info]["userPartitionService: State of v8 partition system:"]
[3135017][1734119586490][main][info]["shell~init~getPartitionToLoad: loading active partition"]
[3135017][1734119586490][main][info]["userPartitionService: List of partitions:",[{"partitionId":"c3055a26-075d-43fe-bdc8-539a8e0440e5","namespace":"users","userId":"35095080","teamId":"0","lastUpdated":"2024-11-29T21:53:30.150Z"},{"partitionId":"a94c92de-0e51-4b6a-b157-fa2b99a54f1a","namespace":"scratchPad","userId":0,"teamId":0,"isDirty":false}]]
[3135017][1734119586491][main][info]["userPartitionService: users global meta:",{}]
[3135017][1734119586491][main][info]["Main:windowManager~newRequesterWindow: Fetch and update runtime config: us"]
[3135017][1734119588953][main][info]["Main~getRemoteInitPath:: "]
[3135017][1734119589064][main][info]["UpdateHandler~app-update-events - Received event",{"name":"checkForElectronVersionUpdated","namespace":"appUpdate"}]
[3135017][1734119589071][main][info]["INTERCEPTOR CONNECTIVITY: Connecting to Interceptor Bridge"]
[3135017][1734119589103][main][info]["windowManager: First requester booted successfully."]
[3135017][1734119589104][main][info]["windowManager~restoreWindows: Restoring requester windows"]
[3135017][1734119589104][main][info]["Main~AppEvents - Received booted event for process requester.Version 11.21.0 UI Version: 11.21.0-ui-241119-0633 Desktop Platform Version: 11.21.0"]
[3135017][1734119589283][main][info]["Main~getRemoteInitPath:: "]
[3135017][1734119590838][main][info]["INTERCEPTOR CONNECTIVITY: Attempting to start websocket server on port 15611"]
[3135017][1734119591407][main][info]["Main~getPlatformLaunchPerfMetrics"]
[3135017][1734119591664][main][info]["Main - model-events~user - (user, bootstrapUser) received"]
[3135017][1734119591665][main][info]["model-events~user - bootstrapUser received"]
[3135017][1734119594885][main][info]["RuntimeIPCAgent~started: Success"]
[3135017][1734119595663][main][error]["Error while retrieving user key from keychain",{"name":"Error","message":"The name is not activatable","stack":"Error: The name is not activatable"}]
[3135017][1734119600117][main][info]["UpdateHandler~app-update-events - Received event",{"name":"updateElectron","namespace":"appUpdate","data":{"channel":"stable","version":"11.21.0","downloadVersion":"11.22.0","appId":"29c807e3-5a14-44d3-8890-a988f3504b4f","userAgent":"Mozilla/5.0 (X11; Linux x86_64) AppleWebKit/537.36 (KHTML, like Gecko) Postman/11.21.0 Electron/28.3.1 Safari/537.36","platform":"LINUX","arch":"64","downloadURL":"https://dl.pstmn.io/download/version/11.22.0/linux_64","updateServerDomain":"https://dl.pstmn.io/","additionalParamsString":"installationId=29c807e3-5a14-44d3-8890-a988f3504b4f&userId=35095080&syncEnabled=true&teamPlan=&teamId=0","userId":"35095080"}}]
[3135017][1734119600118][main][info]["LinuxUpdater~downloadUpdate - UpdateInfo received",{"channel":"stable","version":"11.21.0","downloadVersion":"11.22.0","appId":"29c807e3-5a14-44d3-8890-a988f3504b4f","userAgent":"Mozilla/5.0 (X11; Linux x86_64) AppleWebKit/537.36 (KHTML, like Gecko) Postman/11.21.0 Electron/28.3.1 Safari/537.36","platform":"LINUX","arch":"64","downloadURL":"https://dl.pstmn.io/download/version/11.22.0/linux_64","updateServerDomain":"https://dl.pstmn.io/","additionalParamsString":"installationId=29c807e3-5a14-44d3-8890-a988f3504b4f&userId=35095080&syncEnabled=true&teamPlan=&teamId=0","userId":"35095080"}]
[3135017][1734119600764][main][info]["@postman/app-updater: error",{"errno":-13,"code":"EACCES","syscall":"open","path":"/opt/postman/Postman-1734119600119.tar.gz","name":"Error","message":"EACCES: permission denied, open '/opt/postman/Postman-1734119600119.tar.gz'","stack":"Error: EACCES: permission denied, open '/opt/postman/Postman-1734119600119.tar.gz'"},{"packageName":"Postman","eID":"Postman-1734119600119","downloadURL":"https://dl.pstmn.io/download/version/11.22.0/linux_64","downloadDirectory":"/opt/postman","downloadInfo":{"status":"DOWNLOAD_ERROR","error":{"errno":-13,"code":"EACCES","syscall":"open","path":"/opt/postman/Postman-1734119600119.tar.gz"},"downloadDirectory":"/opt/postman"}}]
[3135017][1734119600765][main][info]["UpdateHandler~app-update-events - Received event",{"name":"electronAppUpdateError","namespace":"appUpdate","data":{"error":{"errno":-13,"code":"EACCES","syscall":"open","path":"/opt/postman/Postman-1734119600119.tar.gz","name":"Error","message":"EACCES: permission denied, open '/opt/postman/Postman-1734119600119.tar.gz'","stack":"Error: EACCES: permission denied, open '/opt/postman/Postman-1734119600119.tar.gz'"},"updateData":{"packageName":"Postman","eID":"Postman-1734119600119","downloadURL":"https://dl.pstmn.io/download/version/11.22.0/linux_64","downloadDirectory":"/opt/postman","downloadInfo":{"status":"DOWNLOAD_ERROR","error":{"errno":-13,"code":"EACCES","syscall":"open","path":"/opt/postman/Postman-1734119600119.tar.gz"},"downloadDirectory":"/opt/postman"}}}}]
[3135017][1734128303734][main][info]["sendAnalytics: Error while sending request",{"cause":{"name":"ConnectTimeoutError","code":"UND_ERR_CONNECT_TIMEOUT","message":"Connect Timeout Error","stack":"ConnectTimeoutError: Connect Timeout Error\n    at onConnectTimeout (node:internal/deps/undici/undici:7434:28)\n    at node:internal/deps/undici/undici:7390:50\n    at Immediate._onImmediate (node:internal/deps/undici/undici:7422:13)\n    at process.processImmediate (node:internal/timers:476:21)"},"name":"TypeError","message":"fetch failed","stack":"TypeError: fetch failed\n    at Object.fetch (node:internal/deps/undici/undici:12293:11)\n    at process.processTicksAndRejections (node:internal/process/task_queues:95:5)"}]
[3135017][1734128778488][main][info]["WindowManager~closeHandler - Closed Window (id: 1 )"]
[3135017][1734128778550][main][info]["Quitting app"]
[29353][1734165679117][main][info]["Booting Postman 11.21.0, linux-6.12.1-arch1-1 on x64"]
[29353][1734165679124][main][info]["EventBus~initialize - Success"]
[29353][1734165679130][main][info]["Proxy configuration has not been setup"]
[29353][1734165679131][main][info]["CloudProxyManager~init - Success"]
[29353][1734165679219][main][info]["performShellDataMigration: Migration has already been done. Bailing out"]
[29353][1734165679229][main][info]["UpdateHandler~init - Success"]
[29353][1734165679233][main][info]["LeaderSelection: Initialized successfully"]
[29353][1734165679234][main][info]["VersionDependencyService: Initialized successfully"]
[29353][1734165679251][main][info]["GPU detected VID 4098 DID 5597 ACTIVE true"]
[29353][1734165679254][main][info]["shellController~init: Success"]
[29353][1734165679254][main][info]["shellMeta~init: Success"]
[29353][1734165679254][main][info]["partitionMigrationService: State of V7 partition:"]
[29353][1734165679255][main][info]["partitionMigrationService: V7 partitions",[]]
[29353][1734165679255][main][info]["partitionMigrationService~rectifyNamespaceOfScratchPadPartition: There is no partition with scratchpad namespace"]
[29353][1734165679255][main][info]["partitionMigrationService~rectifyNamespaceOfScratchPadPartition: There is no transit partition which could have been used for scratchpad"]
[29353][1734165679256][main][info]["partitionMigrationService~init: Success"]
[29353][1734165679257][main][info]["partitionMigrationService~runV8PartitionsIntegrity: Two way migration~ removing the following partitions from v8",[]]
[29353][1734165679258][main][info]["userPartitionService~getRecentV8UserPartition: recent v8 user context partition ","c3055a26-075d-43fe-bdc8-539a8e0440e5"]
[29353][1734165679258][main][info]["userPartitionService~_rectifyTheActivePartitionOfApplication: Setting the active partition to ","c3055a26-075d-43fe-bdc8-539a8e0440e5"]
[29353][1734165679262][main][info]["LinuxAutoUpdater~Cleanup - Initial cleanup successful"]
[29353][1734165679271][main][info]["newAccountRegionPreferenceService~getPreferenceWithFallback - Preference not found in storage."]
[29353][1734165679271][main][info]["newAccountRegionPreferenceService~getToggleMenuTemplate - Using preference:","useUSRegion"]
[29353][1734165679286][main][info]["userPartitionService~init: Success"]
[29353][1734165679308][main][info]["userPartitionService: State of v8 partition system:"]
[29353][1734165679308][main][info]["shell~init~getPartitionToLoad: loading active partition"]
[29353][1734165679309][main][info]["userPartitionService: List of partitions:",[{"partitionId":"c3055a26-075d-43fe-bdc8-539a8e0440e5","namespace":"users","userId":"35095080","teamId":"0","lastUpdated":"2024-11-29T21:53:30.150Z"},{"partitionId":"a94c92de-0e51-4b6a-b157-fa2b99a54f1a","namespace":"scratchPad","userId":0,"teamId":0,"isDirty":false}]]
[29353][1734165679309][main][info]["userPartitionService: users global meta:",{}]
[29353][1734165679309][main][info]["Main:windowManager~newRequesterWindow: Fetch and update runtime config: us"]
[29353][1734165681259][main][info]["Main~getRemoteInitPath:: "]
[29353][1734165681370][main][info]["UpdateHandler~app-update-events - Received event",{"name":"checkForElectronVersionUpdated","namespace":"appUpdate"}]
[29353][1734165681376][main][info]["INTERCEPTOR CONNECTIVITY: Connecting to Interceptor Bridge"]
[29353][1734165681404][main][info]["windowManager: First requester booted successfully."]
[29353][1734165681405][main][info]["windowManager~restoreWindows: Restoring requester windows"]
[29353][1734165681405][main][info]["Main~AppEvents - Received booted event for process requester.Version 11.21.0 UI Version: 11.21.0-ui-241119-0633 Desktop Platform Version: 11.21.0"]
[29353][1734165681555][main][info]["Main~getRemoteInitPath:: "]
[29353][1734165681859][main][info]["Main~getPlatformLaunchPerfMetrics"]
[29353][1734165682747][main][info]["WindowManager~closeHandler - Closed Window (id: 1 )"]
[29353][1734165682812][main][info]["Quitting app"]
