2025-01-03 20:58:41.315 [info] [main] Log level: Info
2025-01-03 20:58:41.315 [info] [main] Validating found git in: "git"
2025-01-03 20:58:41.315 [info] [main] Using git "2.47.1" from "git"
2025-01-03 20:58:41.315 [info] [Model][doInitialScan] Initial repository scan started
2025-01-03 20:58:41.315 [info] > git rev-parse --show-toplevel [4ms]
2025-01-03 20:58:41.315 [info] > git rev-parse --git-dir --git-common-dir [3ms]
2025-01-03 20:58:41.315 [info] [Model][openRepository] Opened repository: /home/alberto/Desktop/Projects/deli
2025-01-03 20:58:41.315 [info] > git config --get commit.template [19ms]
2025-01-03 20:58:41.315 [info] > git rev-parse --show-toplevel [7ms]
2025-01-03 20:58:41.315 [info] > git rev-parse --show-toplevel [5ms]
2025-01-03 20:58:41.315 [info] > git for-each-ref --format=%(refname)%00%(upstream:short)%00%(objectname)%00%(upstream:track)%00%(upstream:remotename)%00%(upstream:remoteref) refs/heads/main refs/remotes/main [22ms]
2025-01-03 20:58:41.315 [info] > git rev-parse --show-toplevel [9ms]
2025-01-03 20:58:41.315 [info] [Model][doInitialScan] Initial repository scan completed - repositories (1), closed repositories (0), parent repositories (0), unsafe repositories (0)
2025-01-03 20:58:41.315 [info] > git status -z -uall [30ms]
2025-01-03 20:58:41.315 [info] > git for-each-ref --sort -committerdate --format %(refname) %(objectname) %(*objectname) [14ms]
2025-01-03 20:58:41.315 [info] > git for-each-ref --format=%(refname)%00%(upstream:short)%00%(objectname)%00%(upstream:track)%00%(upstream:remotename)%00%(upstream:remoteref) refs/heads/main refs/remotes/main [36ms]
2025-01-03 20:58:41.315 [info] > git config --local branch.main.vscode-merge-base [326ms]
2025-01-03 20:58:41.315 [warning] [Git][config] git config failed: Failed to execute git
2025-01-03 20:58:41.315 [info] > git config --get commit.template [363ms]
2025-01-03 20:58:41.317 [info] > git reflog main --grep-reflog=branch: Created from *. [89ms]
2025-01-03 20:58:41.481 [info] > git symbolic-ref --short refs/remotes/origin/HEAD [152ms]
2025-01-03 20:58:41.546 [info] > git for-each-ref --format=%(refname)%00%(upstream:short)%00%(objectname)%00%(upstream:track)%00%(upstream:remotename)%00%(upstream:remoteref) refs/heads/origin/main refs/remotes/origin/main [53ms]
2025-01-03 20:58:41.565 [info] > git for-each-ref --format=%(refname)%00%(upstream:short)%00%(objectname)%00%(upstream:track)%00%(upstream:remotename)%00%(upstream:remoteref) refs/heads/main refs/remotes/main [96ms]
2025-01-03 20:58:41.574 [info] > git config --local branch.main.vscode-merge-base origin/main [10ms]
2025-01-03 20:58:41.614 [info] > git config --get commit.template [21ms]
2025-01-03 20:58:41.629 [info] > git for-each-ref --format=%(refname)%00%(upstream:short)%00%(objectname)%00%(upstream:track)%00%(upstream:remotename)%00%(upstream:remoteref) refs/heads/main refs/remotes/main [19ms]
2025-01-03 20:58:41.646 [info] > git for-each-ref --format=%(refname)%00%(upstream:short)%00%(objectname)%00%(upstream:track)%00%(upstream:remotename)%00%(upstream:remoteref) refs/heads/main refs/remotes/main [19ms]
2025-01-03 20:58:41.649 [info] > git config --local branch.main.vscode-merge-base [6ms]
2025-01-03 20:58:41.846 [info] > git check-ignore -v -z --stdin [35ms]
2025-01-03 20:58:41.847 [info] > git status -z -uall [20ms]
2025-01-03 20:58:41.848 [info] > git for-each-ref --format=%(refname)%00%(upstream:short)%00%(objectname)%00%(upstream:track)%00%(upstream:remotename)%00%(upstream:remoteref) refs/heads/origin/main refs/remotes/origin/main [186ms]
2025-01-03 20:58:41.892 [info] > git merge-base refs/heads/main refs/remotes/origin/main [28ms]
2025-01-03 20:58:41.909 [info] > git for-each-ref --sort -committerdate --format %(refname) %(objectname) %(*objectname) [66ms]
2025-01-03 20:58:41.968 [info] > git merge-base refs/heads/main refs/remotes/origin/main [35ms]
2025-01-03 20:58:41.984 [info] > git diff --name-status -z --diff-filter=ADMR 7945552181a4a5f19af653779b6c693280890df0...refs/remotes/origin/main [75ms]
2025-01-03 20:58:41.996 [info] > git diff --name-status -z --diff-filter=ADMR 7945552181a4a5f19af653779b6c693280890df0...refs/remotes/origin/main [13ms]
2025-01-03 20:58:41.998 [info] > git merge-base refs/heads/main refs/remotes/origin/main [47ms]
2025-01-03 20:58:42.021 [info] > git diff --name-status -z --diff-filter=ADMR 7945552181a4a5f19af653779b6c693280890df0...refs/remotes/origin/main [7ms]
2025-01-03 20:58:43.861 [info] > git check-ignore -v -z --stdin [6ms]
2025-01-03 20:58:45.052 [info] > git check-ignore -v -z --stdin [2ms]
2025-01-03 20:58:48.097 [info] > git check-ignore -v -z --stdin [3ms]
2025-01-03 20:58:49.125 [info] > git check-ignore -v -z --stdin [1ms]
2025-01-03 20:58:49.714 [info] > git check-ignore -v -z --stdin [4ms]
2025-01-03 20:58:50.805 [info] > git check-ignore -v -z --stdin [3ms]
2025-01-03 20:58:54.299 [info] > git show --textconv :src/pages/LoginPage.js [43ms]
2025-01-03 20:58:54.300 [info] > git ls-files --stage -- /home/alberto/Desktop/Projects/deli/src/pages/LoginPage.js [10ms]
2025-01-03 20:58:54.331 [info] > git cat-file -s 8742dd42678563f5b763ea02fdf2456d395660f5 [10ms]
2025-01-03 20:59:11.177 [info] > git config --get commit.template [19ms]
2025-01-03 20:59:11.179 [info] > git for-each-ref --format=%(refname)%00%(upstream:short)%00%(objectname)%00%(upstream:track)%00%(upstream:remotename)%00%(upstream:remoteref) refs/heads/main refs/remotes/main [5ms]
2025-01-03 20:59:11.218 [info] > git status -z -uall [20ms]
2025-01-03 20:59:11.221 [info] > git for-each-ref --sort -committerdate --format %(refname) %(objectname) %(*objectname) [5ms]
2025-01-03 21:00:17.164 [info] > git ls-files --stage -- /home/alberto/Desktop/Projects/deli/src/pages/LoginPage.js [2ms]
2025-01-03 21:00:17.180 [info] > git cat-file -s 8742dd42678563f5b763ea02fdf2456d395660f5 [2ms]
2025-01-03 21:00:17.204 [info] > git show --textconv :src/pages/LoginPage.js [3ms]
2025-01-03 21:00:17.439 [info] > git config --get commit.template [20ms]
2025-01-03 21:00:17.441 [info] > git for-each-ref --format=%(refname)%00%(upstream:short)%00%(objectname)%00%(upstream:track)%00%(upstream:remotename)%00%(upstream:remoteref) refs/heads/main refs/remotes/main [3ms]
2025-01-03 21:00:17.482 [info] > git status -z -uall [21ms]
2025-01-03 21:00:17.486 [info] > git for-each-ref --sort -committerdate --format %(refname) %(objectname) %(*objectname) [5ms]
2025-01-03 21:08:55.805 [info] > git config --get commit.template [28ms]
2025-01-03 21:08:55.826 [info] > git ls-files --stage -- /home/alberto/Desktop/Projects/deli/src/pages/LoginPage.js [22ms]
2025-01-03 21:08:55.849 [info] > git for-each-ref --format=%(refname)%00%(upstream:short)%00%(objectname)%00%(upstream:track)%00%(upstream:remotename)%00%(upstream:remoteref) refs/heads/main refs/remotes/main [25ms]
2025-01-03 21:08:55.850 [info] > git cat-file -s 8742dd42678563f5b763ea02fdf2456d395660f5 [4ms]
2025-01-03 21:08:55.892 [info] > git status -z -uall [21ms]
2025-01-03 21:08:55.915 [info] > git for-each-ref --sort -committerdate --format %(refname) %(objectname) %(*objectname) [24ms]
2025-01-03 21:08:55.942 [info] > git show --textconv :src/pages/LoginPage.js [31ms]
2025-01-03 21:08:55.946 [info] > git merge-base refs/heads/main refs/remotes/origin/main [6ms]
2025-01-03 21:08:55.969 [info] > git diff --name-status -z --diff-filter=ADMR 79e83ad89890674c299735bbc23d07a36a435a6d...refs/remotes/origin/main [4ms]
2025-01-03 21:31:22.743 [info] > git config --get commit.template [41ms]
2025-01-03 21:31:22.760 [info] > git for-each-ref --format=%(refname)%00%(upstream:short)%00%(objectname)%00%(upstream:track)%00%(upstream:remotename)%00%(upstream:remoteref) refs/heads/main refs/remotes/main [23ms]
2025-01-03 21:31:22.837 [warning] [Git][revParse] Unable to read file: ENOENT: no such file or directory, open '/home/alberto/Desktop/Projects/deli/.git/refs/remotes/origin/main'
2025-01-03 21:31:22.848 [info] > git rev-parse refs/remotes/origin/main [13ms]
2025-01-03 21:31:23.051 [info] > git for-each-ref --sort -committerdate --format %(refname) %(objectname) %(*objectname) [27ms]
2025-01-03 21:31:23.272 [info] > git status -z -uall [352ms]
2025-01-03 21:31:23.295 [info] > git merge-base refs/heads/main refs/remotes/origin/main [3ms]
2025-01-03 21:31:23.312 [info] > git diff --name-status -z --diff-filter=ADMR 5f88bb87e279f24b5adbfc4b659383586421ea5b...refs/remotes/origin/main [3ms]
