2024-12-25 10:41:35.733 [info] [main] Log level: Info
2024-12-25 10:41:35.733 [info] [main] Validating found git in: "git"
2024-12-25 10:41:35.733 [info] [main] Using git "2.47.1" from "git"
2024-12-25 10:41:35.733 [info] [Model][doInitialScan] Initial repository scan started
2024-12-25 10:41:35.733 [info] > git rev-parse --show-toplevel [5ms]
2024-12-25 10:41:35.733 [info] > git rev-parse --git-dir --git-common-dir [7ms]
2024-12-25 10:41:35.733 [info] [Model][openRepository] Opened repository: /home/alberto/Desktop/Projects/deli
2024-12-25 10:41:35.733 [info] > git rev-parse --show-toplevel [80ms]
2024-12-25 10:41:35.733 [info] > git config --get commit.template [99ms]
2024-12-25 10:41:35.735 [info] > git rev-parse --show-toplevel [24ms]
2024-12-25 10:41:35.736 [info] [Model][doInitialScan] Initial repository scan completed - repositories (1), closed repositories (0), parent repositories (0), unsafe repositories (0)
2024-12-25 10:41:35.813 [info] > git for-each-ref --format=%(refname)%00%(upstream:short)%00%(objectname)%00%(upstream:track)%00%(upstream:remotename)%00%(upstream:remoteref) refs/heads/main refs/remotes/main [82ms]
2024-12-25 10:41:35.887 [warning] [Git][revParse] Unable to read file: ENOENT: no such file or directory, open '/home/alberto/Desktop/Projects/deli/.git/refs/remotes/origin/main'
2024-12-25 10:41:35.906 [info] > git rev-parse refs/remotes/origin/main [19ms]
2024-12-25 10:41:35.956 [info] > git for-each-ref --sort -committerdate --format %(refname) %(objectname) %(*objectname) [8ms]
2024-12-25 10:41:36.034 [info] > git status -z -uall [107ms]
2024-12-25 10:41:36.094 [info] > git for-each-ref --format=%(refname)%00%(upstream:short)%00%(objectname)%00%(upstream:track)%00%(upstream:remotename)%00%(upstream:remoteref) refs/heads/main refs/remotes/main [28ms]
2024-12-25 10:41:36.125 [info] > git config --local branch.main.vscode-merge-base [12ms]
2024-12-25 10:41:36.125 [warning] [Git][config] git config failed: Failed to execute git
2024-12-25 10:41:36.141 [info] > git config --get commit.template [49ms]
2024-12-25 10:41:36.167 [info] > git reflog main --grep-reflog=branch: Created from *. [25ms]
2024-12-25 10:41:36.285 [info] > git check-ignore -v -z --stdin [82ms]
2024-12-25 10:41:36.287 [info] > git symbolic-ref --short refs/remotes/origin/HEAD [105ms]
2024-12-25 10:41:36.304 [info] > git for-each-ref --format=%(refname)%00%(upstream:short)%00%(objectname)%00%(upstream:track)%00%(upstream:remotename)%00%(upstream:remoteref) refs/heads/main refs/remotes/main [140ms]
2024-12-25 10:41:36.330 [warning] [Git][revParse] Unable to read file: ENOENT: no such file or directory, open '/home/alberto/Desktop/Projects/deli/.git/refs/remotes/origin/main'
2024-12-25 10:41:36.331 [info] > git for-each-ref --format=%(refname)%00%(upstream:short)%00%(objectname)%00%(upstream:track)%00%(upstream:remotename)%00%(upstream:remoteref) refs/heads/origin/main refs/remotes/origin/main [28ms]
2024-12-25 10:41:36.355 [info] > git config --local branch.main.vscode-merge-base origin/main [4ms]
2024-12-25 10:41:36.357 [info] > git rev-parse refs/remotes/origin/main [27ms]
2024-12-25 10:41:36.400 [info] > git for-each-ref --format=%(refname)%00%(upstream:short)%00%(objectname)%00%(upstream:track)%00%(upstream:remotename)%00%(upstream:remoteref) refs/heads/main refs/remotes/main [22ms]
2024-12-25 10:41:36.420 [info] > git config --get commit.template [22ms]
2024-12-25 10:41:36.424 [info] > git config --local branch.main.vscode-merge-base [7ms]
2024-12-25 10:41:36.464 [info] > git for-each-ref --format=%(refname)%00%(upstream:short)%00%(objectname)%00%(upstream:track)%00%(upstream:remotename)%00%(upstream:remoteref) refs/heads/main refs/remotes/main [6ms]
2024-12-25 10:41:36.464 [info] > git for-each-ref --format=%(refname)%00%(upstream:short)%00%(objectname)%00%(upstream:track)%00%(upstream:remotename)%00%(upstream:remoteref) refs/heads/origin/main refs/remotes/origin/main [22ms]
2024-12-25 10:41:36.519 [warning] [Git][revParse] Unable to read file: ENOENT: no such file or directory, open '/home/alberto/Desktop/Projects/deli/.git/refs/remotes/origin/main'
2024-12-25 10:41:36.520 [info] > git merge-base refs/heads/main refs/remotes/origin/main [35ms]
2024-12-25 10:41:36.538 [info] > git rev-parse refs/remotes/origin/main [20ms]
2024-12-25 10:41:36.570 [info] > git diff --name-status -z --diff-filter=ADMR b7c7a95091a39bf58bed4230089b2f6be33b679b...refs/remotes/origin/main [34ms]
2024-12-25 10:41:36.572 [info] > git for-each-ref --sort -committerdate --format %(refname) %(objectname) %(*objectname) [4ms]
2024-12-25 10:41:36.651 [info] > git status -z -uall [98ms]
2024-12-25 10:41:37.963 [info] > git check-ignore -v -z --stdin [3ms]
2024-12-25 10:41:39.417 [info] > git check-ignore -v -z --stdin [3ms]
2024-12-25 10:41:41.408 [info] > git check-ignore -v -z --stdin [6ms]
2024-12-25 10:41:42.757 [info] > git check-ignore -v -z --stdin [3ms]
2024-12-25 10:41:44.153 [info] > git check-ignore -v -z --stdin [3ms]
2024-12-25 10:42:43.783 [info] > git check-ignore -v -z --stdin [4ms]
2024-12-25 10:42:44.325 [info] > git config --get commit.template [25ms]
2024-12-25 10:42:44.328 [info] > git for-each-ref --format=%(refname)%00%(upstream:short)%00%(objectname)%00%(upstream:track)%00%(upstream:remotename)%00%(upstream:remoteref) refs/heads/main refs/remotes/main [5ms]
2024-12-25 10:42:44.350 [warning] [Git][revParse] Unable to read file: ENOENT: no such file or directory, open '/home/alberto/Desktop/Projects/deli/.git/refs/remotes/origin/main'
2024-12-25 10:42:44.353 [info] > git rev-parse refs/remotes/origin/main [4ms]
2024-12-25 10:42:44.402 [info] > git for-each-ref --sort -committerdate --format %(refname) %(objectname) %(*objectname) [5ms]
2024-12-25 10:42:44.482 [info] > git status -z -uall [108ms]
2024-12-25 10:44:00.682 [info] > git config --get commit.template [20ms]
2024-12-25 10:44:00.684 [info] > git for-each-ref --format=%(refname)%00%(upstream:short)%00%(objectname)%00%(upstream:track)%00%(upstream:remotename)%00%(upstream:remoteref) refs/heads/main refs/remotes/main [4ms]
2024-12-25 10:44:00.702 [warning] [Git][revParse] Unable to read file: ENOENT: no such file or directory, open '/home/alberto/Desktop/Projects/deli/.git/refs/remotes/origin/main'
2024-12-25 10:44:00.707 [info] > git rev-parse refs/remotes/origin/main [4ms]
2024-12-25 10:44:00.749 [info] > git for-each-ref --sort -committerdate --format %(refname) %(objectname) %(*objectname) [4ms]
2024-12-25 10:44:00.841 [info] > git status -z -uall [115ms]
2024-12-25 10:51:23.568 [info] > git config --get commit.template [21ms]
2024-12-25 10:51:23.570 [info] > git for-each-ref --format=%(refname)%00%(upstream:short)%00%(objectname)%00%(upstream:track)%00%(upstream:remotename)%00%(upstream:remoteref) refs/heads/main refs/remotes/main [4ms]
2024-12-25 10:51:23.586 [warning] [Git][revParse] Unable to read file: ENOENT: no such file or directory, open '/home/alberto/Desktop/Projects/deli/.git/refs/remotes/origin/main'
2024-12-25 10:51:23.589 [info] > git rev-parse refs/remotes/origin/main [3ms]
2024-12-25 10:51:23.631 [info] > git for-each-ref --sort -committerdate --format %(refname) %(objectname) %(*objectname) [4ms]
2024-12-25 10:51:23.707 [info] > git status -z -uall [100ms]
2024-12-25 10:51:31.828 [info] > git config --get commit.template [20ms]
2024-12-25 10:51:31.830 [info] > git for-each-ref --format=%(refname)%00%(upstream:short)%00%(objectname)%00%(upstream:track)%00%(upstream:remotename)%00%(upstream:remoteref) refs/heads/main refs/remotes/main [4ms]
2024-12-25 10:51:31.848 [warning] [Git][revParse] Unable to read file: ENOENT: no such file or directory, open '/home/alberto/Desktop/Projects/deli/.git/refs/remotes/origin/main'
2024-12-25 10:51:31.851 [info] > git rev-parse refs/remotes/origin/main [3ms]
2024-12-25 10:51:31.894 [info] > git for-each-ref --sort -committerdate --format %(refname) %(objectname) %(*objectname) [4ms]
2024-12-25 10:51:31.986 [info] > git status -z -uall [118ms]
2024-12-25 10:51:37.035 [info] > git config --get commit.template [21ms]
2024-12-25 10:51:37.037 [info] > git for-each-ref --format=%(refname)%00%(upstream:short)%00%(objectname)%00%(upstream:track)%00%(upstream:remotename)%00%(upstream:remoteref) refs/heads/main refs/remotes/main [4ms]
2024-12-25 10:51:37.056 [warning] [Git][revParse] Unable to read file: ENOENT: no such file or directory, open '/home/alberto/Desktop/Projects/deli/.git/refs/remotes/origin/main'
2024-12-25 10:51:37.060 [info] > git rev-parse refs/remotes/origin/main [4ms]
2024-12-25 10:51:37.096 [info] > git for-each-ref --sort -committerdate --format %(refname) %(objectname) %(*objectname) [4ms]
2024-12-25 10:51:37.174 [info] > git status -z -uall [97ms]
2024-12-25 10:51:54.542 [info] > git config --get commit.template [18ms]
2024-12-25 10:51:54.545 [info] > git for-each-ref --format=%(refname)%00%(upstream:short)%00%(objectname)%00%(upstream:track)%00%(upstream:remotename)%00%(upstream:remoteref) refs/heads/main refs/remotes/main [4ms]
2024-12-25 10:51:54.561 [warning] [Git][revParse] Unable to read file: ENOENT: no such file or directory, open '/home/alberto/Desktop/Projects/deli/.git/refs/remotes/origin/main'
2024-12-25 10:51:54.564 [info] > git rev-parse refs/remotes/origin/main [3ms]
2024-12-25 10:51:54.602 [info] > git for-each-ref --sort -committerdate --format %(refname) %(objectname) %(*objectname) [5ms]
2024-12-25 10:51:54.685 [info] > git status -z -uall [103ms]
2024-12-25 10:51:59.739 [info] > git config --get commit.template [24ms]
2024-12-25 10:51:59.742 [info] > git for-each-ref --format=%(refname)%00%(upstream:short)%00%(objectname)%00%(upstream:track)%00%(upstream:remotename)%00%(upstream:remoteref) refs/heads/main refs/remotes/main [4ms]
2024-12-25 10:51:59.761 [warning] [Git][revParse] Unable to read file: ENOENT: no such file or directory, open '/home/alberto/Desktop/Projects/deli/.git/refs/remotes/origin/main'
2024-12-25 10:51:59.765 [info] > git rev-parse refs/remotes/origin/main [4ms]
2024-12-25 10:51:59.806 [info] > git for-each-ref --sort -committerdate --format %(refname) %(objectname) %(*objectname) [3ms]
2024-12-25 10:51:59.916 [info] > git status -z -uall [133ms]
2024-12-25 10:57:20.982 [info] > git show --textconv :src/components/Login.js [36ms]
2024-12-25 10:57:20.983 [info] > git ls-files --stage -- /home/alberto/Desktop/Projects/deli/src/components/Login.js [8ms]
2024-12-25 10:57:21.019 [info] > git cat-file -s a89a8354d3397acab09d18199d1068cceef369f7 [10ms]
2024-12-25 10:58:50.431 [info] > git show --textconv :src/components/Login.js [43ms]
2024-12-25 10:58:50.431 [info] > git ls-files --stage -- /home/alberto/Desktop/Projects/deli/src/components/Login.js [8ms]
2024-12-25 10:58:50.459 [info] > git cat-file -s a89a8354d3397acab09d18199d1068cceef369f7 [5ms]
2024-12-25 10:59:03.734 [info] > git show --textconv :src/components/Login.js [19ms]
2024-12-25 10:59:03.736 [info] > git ls-files --stage -- /home/alberto/Desktop/Projects/deli/src/components/Login.js [3ms]
2024-12-25 10:59:03.755 [info] > git cat-file -s a89a8354d3397acab09d18199d1068cceef369f7 [3ms]
2024-12-25 11:02:21.039 [info] > git config --get commit.template [23ms]
2024-12-25 11:02:21.042 [info] > git for-each-ref --format=%(refname)%00%(upstream:short)%00%(objectname)%00%(upstream:track)%00%(upstream:remotename)%00%(upstream:remoteref) refs/heads/main refs/remotes/main [5ms]
2024-12-25 11:02:21.062 [warning] [Git][revParse] Unable to read file: ENOENT: no such file or directory, open '/home/alberto/Desktop/Projects/deli/.git/refs/remotes/origin/main'
2024-12-25 11:02:21.065 [info] > git rev-parse refs/remotes/origin/main [3ms]
2024-12-25 11:02:21.118 [info] > git for-each-ref --sort -committerdate --format %(refname) %(objectname) %(*objectname) [4ms]
2024-12-25 11:02:21.200 [info] > git status -z -uall [113ms]
2024-12-25 11:03:40.871 [info] > git show --textconv :src/components/Register.js [34ms]
2024-12-25 11:03:40.871 [info] > git ls-files --stage -- /home/alberto/Desktop/Projects/deli/src/components/Register.js [6ms]
2024-12-25 11:03:40.899 [info] > git cat-file -s 45a89808f17b43ac358be3cdcbaf5cb1c711c7b9 [5ms]
2024-12-25 11:03:42.252 [info] > git config --get commit.template [5ms]
2024-12-25 11:03:42.282 [info] > git for-each-ref --format=%(refname)%00%(upstream:short)%00%(objectname)%00%(upstream:track)%00%(upstream:remotename)%00%(upstream:remoteref) refs/heads/main refs/remotes/main [8ms]
2024-12-25 11:03:42.312 [warning] [Git][revParse] Unable to read file: ENOENT: no such file or directory, open '/home/alberto/Desktop/Projects/deli/.git/refs/remotes/origin/main'
2024-12-25 11:03:42.315 [info] > git rev-parse refs/remotes/origin/main [4ms]
2024-12-25 11:03:42.414 [info] > git for-each-ref --sort -committerdate --format %(refname) %(objectname) %(*objectname) [5ms]
2024-12-25 11:03:42.492 [info] > git status -z -uall [128ms]
2024-12-25 11:03:50.441 [info] > git show --textconv :src/components/Login.js [20ms]
2024-12-25 11:03:50.445 [info] > git ls-files --stage -- /home/alberto/Desktop/Projects/deli/src/components/Login.js [5ms]
2024-12-25 11:03:50.465 [info] > git cat-file -s a89a8354d3397acab09d18199d1068cceef369f7 [3ms]
