2025-01-03 20:58:38.120 [info] Added views:outline in workbench.view.explorer
2025-01-03 20:58:38.120 [info] Added views:workbench.view.search in workbench.view.search
2025-01-03 20:58:38.120 [info] Added views:workbench.scm in workbench.view.scm
2025-01-03 20:58:38.120 [info] Added views:workbench.panel.markers.view in workbench.panel.markers
2025-01-03 20:58:38.120 [info] Added views:workbench.panel.output in workbench.panel.output
2025-01-03 20:58:38.120 [info] Added views:terminal in terminal
2025-01-03 20:58:38.120 [info] Added views:timeline in workbench.view.explorer
2025-01-03 20:58:38.120 [info] Added views:workbench.explorer.fileView in workbench.view.explorer
2025-01-03 20:58:39.898 [info] Added views:workbench.debug.variablesView,workbench.debug.watchExpressionsView,workbench.debug.callStackView,workbench.debug.breakPointsView in workbench.view.debug
2025-01-03 20:58:39.982 [info] Added views:workbench.panel.repl.view in workbench.panel.repl
2025-01-03 20:58:39.985 [info] Removed views:workbench.debug.breakPointsView,workbench.debug.callStackView,workbench.debug.watchExpressionsView,workbench.debug.variablesView from workbench.view.debug
2025-01-03 20:58:39.987 [info] Added views:workbench.debug.welcome in workbench.view.debug
2025-01-03 20:58:40.388 [info] Added views:~remote.forwardedPorts in ~remote.forwardedPortsContainer
2025-01-03 20:58:40.845 [info] Added views:workbench.scm.history in workbench.view.scm
2025-01-03 20:59:10.774 [info] Added views:workbench.views.extensions.installed,workbench.views.extensions.popular,extensions.recommendedList in workbench.view.extensions
2025-01-03 20:59:10.780 [info] Removed views:workbench.views.extensions.popular from workbench.view.extensions
2025-01-03 20:59:13.691 [info] Removed views:extensions.recommendedList,workbench.views.extensions.installed from workbench.view.extensions
2025-01-03 20:59:13.715 [info] Added views:workbench.views.extensions.marketplace in workbench.view.extensions
2025-01-03 20:59:43.655 [info] Removed views:workbench.views.extensions.marketplace from workbench.view.extensions
2025-01-03 20:59:43.677 [info] Added views:workbench.views.extensions.installed,extensions.recommendedList in workbench.view.extensions
2025-01-03 21:31:25.374 [info] Removed views:workbench.scm.history from workbench.view.scm
